INFO:root:Time: 78.673415, Edge: ((567, 562),(495.0, 624.0)), Cars: 1
INFO:root:Time: 79.127393, Edge: ((567, 562),(495.0, 624.0)), Cars: 2
INFO:root:Time: 80.386196, Edge: ((567, 562),(495.0, 624.0)), Cars: 3
INFO:root:Time: 81.830849, Edge: ((567, 562),(495.0, 624.0)), Cars: 4
INFO:root:Time: 85.670287, Edge: ((567, 562),(495.0, 624.0)), Cars: 5
INFO:root:Time: 86.404052, Edge: ((567, 562),(495.0, 624.0)), Cars: 6
INFO:root:Time: 86.915490, Edge: ((567, 562),(495.0, 624.0)), Cars: 7
INFO:root:Time: 87.957234, Edge: ((567, 562),(495.0, 624.0)), Cars: 8
INFO:root:Time: 91.425283, Edge: ((567, 562),(495.0, 624.0)), Cars: 9
INFO:root:Time: 91.690146, Edge: ((567, 562),(495.0, 624.0)), Cars: 10
INFO:root:Time: 92.090342, Edge: ((529, 703),(495.0, 624.0)), Cars: 1
INFO:root:Time: 92.199390, Edge: ((567, 562),(495.0, 624.0)), Cars: 11
INFO:root:Time: 92.545696, Edge: ((567, 562),(495.0, 624.0)), Cars: 12
INFO:root:Time: 92.961322, Edge: ((567, 562),(495.0, 624.0)), Cars: 13
INFO:root:Time: 93.074881, Edge: ((567, 562),(495.0, 624.0)), Cars: 14
INFO:root:Time: 93.156556, Edge: ((567, 562),(495.0, 624.0)), Cars: 15
INFO:root:Time: 93.204381, Edge: ((567, 562),(495.0, 624.0)), Cars: 16
INFO:root:Time: 93.419476, Edge: ((567, 562),(495.0, 624.0)), Cars: 17
INFO:root:Time: 93.471149, Edge: ((567, 562),(495.0, 624.0)), Cars: 18
INFO:root:Time: 93.648150, Edge: ((567, 562),(495.0, 624.0)), Cars: 19
INFO:root:Time: 93.895954, Edge: ((567, 562),(495.0, 624.0)), Cars: 20
INFO:root:Time: 94.109770, Edge: ((567, 562),(495.0, 624.0)), Cars: 21
INFO:root:Time: 94.496479, Edge: ((567, 562),(495.0, 624.0)), Cars: 22
INFO:root:Time: 94.653762, Edge: ((567, 562),(495.0, 624.0)), Cars: 23
INFO:root:Time: 95.015325, Edge: ((567, 562),(495.0, 624.0)), Cars: 24
INFO:root:Time: 95.308977, Edge: ((567, 562),(495.0, 624.0)), Cars: 25
INFO:root:Time: 95.510615, Edge: ((567, 562),(495.0, 624.0)), Cars: 26
INFO:root:Time: 95.890317, Edge: ((567, 562),(495.0, 624.0)), Cars: 27
INFO:root:Time: 96.609981, Edge: ((567, 562),(495.0, 624.0)), Cars: 28
INFO:root:Time: 96.880982, Edge: ((567, 562),(495.0, 624.0)), Cars: 29
INFO:root:Time: 96.971150, Edge: ((567, 562),(495.0, 624.0)), Cars: 30
INFO:root:Time: 97.373583, Edge: ((529, 703),(495.0, 624.0)), Cars: 2
INFO:root:Time: 97.548235, Edge: ((567, 562),(495.0, 624.0)), Cars: 31
INFO:root:Time: 98.024349, Edge: ((567, 562),(495.0, 624.0)), Cars: 32
INFO:root:Time: 98.095943, Edge: ((567, 562),(495.0, 624.0)), Cars: 33
INFO:root:Time: 98.462644, Edge: ((567, 562),(495.0, 624.0)), Cars: 34
INFO:root:Time: 98.799898, Edge: ((567, 562),(495.0, 624.0)), Cars: 35
INFO:root:Time: 98.950391, Edge: ((567, 562),(495.0, 624.0)), Cars: 36
INFO:root:Time: 99.112813, Edge: ((567, 562),(495.0, 624.0)), Cars: 37
INFO:root:Time: 99.294823, Edge: ((567, 562),(495.0, 624.0)), Cars: 38
INFO:root:Time: 99.360906, Edge: ((567, 562),(495.0, 624.0)), Cars: 39
INFO:root:Time: 99.517198, Edge: ((529, 703),(495.0, 624.0)), Cars: 3
INFO:root:Time: 99.522960, Edge: ((567, 562),(495.0, 624.0)), Cars: 40
INFO:root:Time: 99.655468, Edge: ((529, 703),(495.0, 624.0)), Cars: 2
INFO:root:Time: 99.655468, Edge: ((495.0, 624.0),(468.0, 617.0)), Cars: 1
INFO:root:Time: 99.854207, Edge: ((529, 703),(495.0, 624.0)), Cars: 3
INFO:root:Time: 99.870854, Edge: ((567, 562),(495.0, 624.0)), Cars: 41
INFO:root:Time: 100.013887, Edge: ((567, 562),(495.0, 624.0)), Cars: 42
INFO:root:Time: 100.299513, Edge: ((567, 562),(495.0, 624.0)), Cars: 43
INFO:root:Time: 100.770212, Edge: ((567, 562),(495.0, 624.0)), Cars: 44
INFO:root:Time: 100.932770, Edge: ((567, 562),(495.0, 624.0)), Cars: 45
INFO:root:Time: 100.938355, Edge: ((567, 562),(495.0, 624.0)), Cars: 46
INFO:root:Time: 100.984887, Edge: ((529, 703),(495.0, 624.0)), Cars: 4
INFO:root:Time: 101.206992, Edge: ((529, 703),(495.0, 624.0)), Cars: 5
INFO:root:Time: 101.247954, Edge: ((567, 562),(495.0, 624.0)), Cars: 47
INFO:root:Time: 101.448547, Edge: ((529, 703),(495.0, 624.0)), Cars: 6
INFO:root:Time: 101.525899, Edge: ((567, 562),(495.0, 624.0)), Cars: 48
INFO:root:Time: 101.832986, Edge: ((567, 562),(495.0, 624.0)), Cars: 49
INFO:root:Time: 101.887408, Edge: ((567, 562),(495.0, 624.0)), Cars: 50
INFO:root:Time: 101.911800, Edge: ((567, 562),(495.0, 624.0)), Cars: 51
INFO:root:Time: 101.992636, Edge: ((567, 562),(495.0, 624.0)), Cars: 52
INFO:root:Time: 102.021265, Edge: ((529, 703),(495.0, 624.0)), Cars: 7
INFO:root:Time: 102.067728, Edge: ((567, 562),(495.0, 624.0)), Cars: 53
INFO:root:Time: 102.073775, Edge: ((567, 562),(495.0, 624.0)), Cars: 54
INFO:root:Time: 102.243632, Edge: ((567, 562),(495.0, 624.0)), Cars: 55
INFO:root:Time: 102.406438, Edge: ((567, 562),(495.0, 624.0)), Cars: 56
INFO:root:Time: 102.412846, Edge: ((567, 562),(495.0, 624.0)), Cars: 57
INFO:root:Time: 102.449458, Edge: ((567, 562),(495.0, 624.0)), Cars: 58
INFO:root:Time: 102.478841, Edge: ((567, 562),(495.0, 624.0)), Cars: 59
INFO:root:Time: 102.619957, Edge: ((567, 562),(495.0, 624.0)), Cars: 60
INFO:root:Time: 102.682861, Edge: ((567, 562),(495.0, 624.0)), Cars: 61
INFO:root:Time: 103.087516, Edge: ((529, 703),(495.0, 624.0)), Cars: 8
INFO:root:Time: 103.088695, Edge: ((495.0, 624.0),(468.0, 617.0)), Cars: 0
INFO:root:Time: 103.088695, Edge: ((468.0, 617.0),(391.0, 604.0)), Cars: 1
INFO:root:Time: 103.131989, Edge: ((567, 562),(495.0, 624.0)), Cars: 62
INFO:root:Time: 103.372501, Edge: ((567, 562),(495.0, 624.0)), Cars: 63
INFO:root:Time: 103.465830, Edge: ((567, 562),(495.0, 624.0)), Cars: 64
INFO:root:Time: 103.532413, Edge: ((567, 562),(495.0, 624.0)), Cars: 65
INFO:root:Time: 103.630462, Edge: ((567, 562),(495.0, 624.0)), Cars: 66
INFO:root:Time: 103.653586, Edge: ((567, 562),(495.0, 624.0)), Cars: 67
INFO:root:Time: 103.914403, Edge: ((567, 562),(495.0, 624.0)), Cars: 68
INFO:root:Time: 103.958227, Edge: ((529, 703),(495.0, 624.0)), Cars: 9
INFO:root:Time: 104.196053, Edge: ((567, 562),(495.0, 624.0)), Cars: 69
INFO:root:Time: 104.359976, Edge: ((567, 562),(495.0, 624.0)), Cars: 70
INFO:root:Time: 104.422029, Edge: ((567, 562),(495.0, 624.0)), Cars: 71
INFO:root:Time: 104.669629, Edge: ((529, 703),(495.0, 624.0)), Cars: 10
INFO:root:Time: 104.790964, Edge: ((567, 562),(495.0, 624.0)), Cars: 72
INFO:root:Time: 104.853356, Edge: ((567, 562),(495.0, 624.0)), Cars: 73
INFO:root:Time: 105.072647, Edge: ((529, 703),(495.0, 624.0)), Cars: 11
INFO:root:Time: 105.187967, Edge: ((567, 562),(495.0, 624.0)), Cars: 74
INFO:root:Time: 105.293158, Edge: ((567, 562),(495.0, 624.0)), Cars: 75
INFO:root:Time: 105.301137, Edge: ((529, 703),(495.0, 624.0)), Cars: 12
INFO:root:Time: 105.323550, Edge: ((567, 562),(495.0, 624.0)), Cars: 76
INFO:root:Time: 105.502968, Edge: ((567, 562),(495.0, 624.0)), Cars: 77
INFO:root:Time: 105.584087, Edge: ((529, 703),(495.0, 624.0)), Cars: 13
INFO:root:Time: 105.626981, Edge: ((567, 562),(495.0, 624.0)), Cars: 78
INFO:root:Time: 105.698158, Edge: ((567, 562),(495.0, 624.0)), Cars: 79
INFO:root:Time: 105.748044, Edge: ((529, 703),(495.0, 624.0)), Cars: 14
INFO:root:Time: 105.902399, Edge: ((529, 703),(495.0, 624.0)), Cars: 15
INFO:root:Time: 105.941830, Edge: ((567, 562),(495.0, 624.0)), Cars: 80
INFO:root:Time: 105.979255, Edge: ((567, 562),(495.0, 624.0)), Cars: 81
INFO:root:Time: 105.997687, Edge: ((567, 562),(495.0, 624.0)), Cars: 82
INFO:root:Time: 106.261657, Edge: ((567, 562),(495.0, 624.0)), Cars: 83
INFO:root:Time: 106.341642, Edge: ((567, 562),(495.0, 624.0)), Cars: 84
INFO:root:Time: 107.095498, Edge: ((529, 703),(495.0, 624.0)), Cars: 16
INFO:root:Time: 107.148130, Edge: ((567, 562),(495.0, 624.0)), Cars: 85
INFO:root:Time: 107.341535, Edge: ((567, 562),(495.0, 624.0)), Cars: 86
INFO:root:Time: 107.379274, Edge: ((567, 562),(495.0, 624.0)), Cars: 87
INFO:root:Time: 107.627853, Edge: ((529, 703),(495.0, 624.0)), Cars: 17
INFO:root:Time: 107.692868, Edge: ((567, 562),(495.0, 624.0)), Cars: 88
INFO:root:Time: 107.733203, Edge: ((567, 562),(495.0, 624.0)), Cars: 89
INFO:root:Time: 107.788095, Edge: ((567, 562),(495.0, 624.0)), Cars: 90
INFO:root:Time: 107.945450, Edge: ((529, 703),(495.0, 624.0)), Cars: 18
INFO:root:Time: 108.044077, Edge: ((567, 562),(495.0, 624.0)), Cars: 91
INFO:root:Time: 108.056870, Edge: ((567, 562),(495.0, 624.0)), Cars: 92
INFO:root:Time: 108.075827, Edge: ((567, 562),(495.0, 624.0)), Cars: 93
INFO:root:Time: 108.135908, Edge: ((567, 562),(495.0, 624.0)), Cars: 94
INFO:root:Time: 108.304092, Edge: ((529, 703),(495.0, 624.0)), Cars: 19
INFO:root:Time: 108.408030, Edge: ((567, 562),(495.0, 624.0)), Cars: 95
INFO:root:Time: 108.429767, Edge: ((567, 562),(495.0, 624.0)), Cars: 96
INFO:root:Time: 108.458189, Edge: ((567, 562),(495.0, 624.0)), Cars: 97
INFO:root:Time: 108.464035, Edge: ((567, 562),(495.0, 624.0)), Cars: 98
INFO:root:Time: 108.566211, Edge: ((567, 562),(495.0, 624.0)), Cars: 99
INFO:root:Time: 108.712281, Edge: ((529, 703),(495.0, 624.0)), Cars: 20
INFO:root:Time: 108.898108, Edge: ((567, 562),(495.0, 624.0)), Cars: 100
INFO:root:Time: 109.053452, Edge: ((567, 562),(495.0, 624.0)), Cars: 101
INFO:root:Time: 109.369122, Edge: ((567, 562),(495.0, 624.0)), Cars: 102
INFO:root:Time: 109.416685, Edge: ((529, 703),(495.0, 624.0)), Cars: 21
INFO:root:Time: 109.574393, Edge: ((529, 703),(495.0, 624.0)), Cars: 22
INFO:root:Time: 109.645517, Edge: ((529, 703),(495.0, 624.0)), Cars: 23
INFO:root:Time: 109.798179, Edge: ((529, 703),(495.0, 624.0)), Cars: 24
INFO:root:Time: 109.863866, Edge: ((567, 562),(495.0, 624.0)), Cars: 103
INFO:root:Time: 109.976495, Edge: ((468.0, 617.0),(391.0, 604.0)), Cars: 0
INFO:root:Time: 109.976495, Edge: ((391.0, 604.0),(314.0, 590.0)), Cars: 1
INFO:root:Time: 110.068388, Edge: ((529, 703),(495.0, 624.0)), Cars: 25
INFO:root:Time: 110.179302, Edge: ((529, 703),(495.0, 624.0)), Cars: 26
INFO:root:Time: 110.226491, Edge: ((529, 703),(495.0, 624.0)), Cars: 27
INFO:root:Time: 110.470550, Edge: ((567, 562),(495.0, 624.0)), Cars: 104
INFO:root:Time: 110.542181, Edge: ((529, 703),(495.0, 624.0)), Cars: 28
INFO:root:Time: 110.560884, Edge: ((529, 703),(495.0, 624.0)), Cars: 29
INFO:root:Time: 110.570491, Edge: ((567, 562),(495.0, 624.0)), Cars: 105
INFO:root:Time: 110.742011, Edge: ((567, 562),(495.0, 624.0)), Cars: 106
INFO:root:Time: 110.886025, Edge: ((529, 703),(495.0, 624.0)), Cars: 30
INFO:root:Time: 110.966050, Edge: ((567, 562),(495.0, 624.0)), Cars: 107
INFO:root:Time: 111.191550, Edge: ((567, 562),(495.0, 624.0)), Cars: 108
INFO:root:Time: 111.252004, Edge: ((567, 562),(495.0, 624.0)), Cars: 109
INFO:root:Time: 111.398313, Edge: ((567, 562),(495.0, 624.0)), Cars: 110
INFO:root:Time: 111.437057, Edge: ((567, 562),(495.0, 624.0)), Cars: 111
INFO:root:Time: 111.482211, Edge: ((567, 562),(495.0, 624.0)), Cars: 112
INFO:root:Time: 111.506257, Edge: ((567, 562),(495.0, 624.0)), Cars: 113
INFO:root:Time: 111.717112, Edge: ((567, 562),(495.0, 624.0)), Cars: 114
INFO:root:Time: 111.900211, Edge: ((529, 703),(495.0, 624.0)), Cars: 31
INFO:root:Time: 111.984401, Edge: ((529, 703),(495.0, 624.0)), Cars: 32
INFO:root:Time: 111.992606, Edge: ((567, 562),(495.0, 624.0)), Cars: 115
INFO:root:Time: 112.135054, Edge: ((567, 562),(495.0, 624.0)), Cars: 116
INFO:root:Time: 112.219051, Edge: ((529, 703),(495.0, 624.0)), Cars: 33
INFO:root:Time: 112.605566, Edge: ((567, 562),(495.0, 624.0)), Cars: 117
INFO:root:Time: 112.641196, Edge: ((529, 703),(495.0, 624.0)), Cars: 34
INFO:root:Time: 112.716274, Edge: ((529, 703),(495.0, 624.0)), Cars: 35
INFO:root:Time: 112.902048, Edge: ((567, 562),(495.0, 624.0)), Cars: 118
INFO:root:Time: 113.032006, Edge: ((529, 703),(495.0, 624.0)), Cars: 36
INFO:root:Time: 113.069720, Edge: ((529, 703),(495.0, 624.0)), Cars: 37
INFO:root:Time: 113.103090, Edge: ((529, 703),(495.0, 624.0)), Cars: 38
INFO:root:Time: 113.271405, Edge: ((567, 562),(495.0, 624.0)), Cars: 119
INFO:root:Time: 113.340472, Edge: ((529, 703),(495.0, 624.0)), Cars: 39
INFO:root:Time: 113.650833, Edge: ((567, 562),(495.0, 624.0)), Cars: 120
INFO:root:Time: 113.692660, Edge: ((567, 562),(495.0, 624.0)), Cars: 121
INFO:root:Time: 113.788556, Edge: ((567, 562),(495.0, 624.0)), Cars: 122
INFO:root:Time: 114.275330, Edge: ((567, 562),(495.0, 624.0)), Cars: 123
INFO:root:Time: 114.435961, Edge: ((567, 562),(495.0, 624.0)), Cars: 124
INFO:root:Time: 114.887943, Edge: ((529, 703),(495.0, 624.0)), Cars: 40
INFO:root:Time: 114.949414, Edge: ((567, 562),(495.0, 624.0)), Cars: 125
INFO:root:Time: 115.006619, Edge: ((529, 703),(495.0, 624.0)), Cars: 41
INFO:root:Time: 115.051150, Edge: ((529, 703),(495.0, 624.0)), Cars: 42
INFO:root:Time: 115.120172, Edge: ((567, 562),(495.0, 624.0)), Cars: 126
INFO:root:Time: 115.207261, Edge: ((529, 703),(495.0, 624.0)), Cars: 43
INFO:root:Time: 115.531668, Edge: ((567, 562),(495.0, 624.0)), Cars: 127
INFO:root:Time: 115.587839, Edge: ((567, 562),(495.0, 624.0)), Cars: 128
INFO:root:Time: 115.708083, Edge: ((567, 562),(495.0, 624.0)), Cars: 129
INFO:root:Time: 115.743684, Edge: ((529, 703),(495.0, 624.0)), Cars: 44
INFO:root:Time: 115.967451, Edge: ((567, 562),(495.0, 624.0)), Cars: 130
INFO:root:Time: 116.015155, Edge: ((567, 562),(495.0, 624.0)), Cars: 131
INFO:root:Time: 116.071803, Edge: ((567, 562),(495.0, 624.0)), Cars: 132
INFO:root:Time: 116.182537, Edge: ((529, 703),(495.0, 624.0)), Cars: 45
INFO:root:Time: 116.193388, Edge: ((529, 703),(495.0, 624.0)), Cars: 46
INFO:root:Time: 116.386608, Edge: ((567, 562),(495.0, 624.0)), Cars: 133
INFO:root:Time: 116.496173, Edge: ((567, 562),(495.0, 624.0)), Cars: 134
INFO:root:Time: 116.993303, Edge: ((567, 562),(495.0, 624.0)), Cars: 135
INFO:root:Time: 117.085548, Edge: ((567, 562),(495.0, 624.0)), Cars: 136
INFO:root:Time: 117.258592, Edge: ((529, 703),(495.0, 624.0)), Cars: 47
INFO:root:Time: 117.280010, Edge: ((567, 562),(495.0, 624.0)), Cars: 137
INFO:root:Time: 117.340218, Edge: ((529, 703),(495.0, 624.0)), Cars: 48
INFO:root:Time: 117.464440, Edge: ((567, 562),(495.0, 624.0)), Cars: 138
INFO:root:Time: 117.916258, Edge: ((567, 562),(495.0, 624.0)), Cars: 139
INFO:root:Time: 117.927070, Edge: ((529, 703),(495.0, 624.0)), Cars: 49
INFO:root:Time: 117.977405, Edge: ((742, 427),(794.0, 359.0)), Cars: 1
INFO:root:Time: 118.401652, Edge: ((567, 562),(495.0, 624.0)), Cars: 140
INFO:root:Time: 118.550674, Edge: ((567, 562),(495.0, 624.0)), Cars: 141
INFO:root:Time: 118.592980, Edge: ((529, 703),(495.0, 624.0)), Cars: 50
INFO:root:Time: 118.665481, Edge: ((567, 562),(495.0, 624.0)), Cars: 142
INFO:root:Time: 118.755195, Edge: ((567, 562),(495.0, 624.0)), Cars: 143
INFO:root:Time: 118.791885, Edge: ((529, 703),(495.0, 624.0)), Cars: 51
INFO:root:Time: 118.861877, Edge: ((529, 703),(495.0, 624.0)), Cars: 52
INFO:root:Time: 119.089381, Edge: ((529, 703),(495.0, 624.0)), Cars: 53
INFO:root:Time: 119.099014, Edge: ((567, 562),(495.0, 624.0)), Cars: 144
INFO:root:Time: 119.171433, Edge: ((567, 562),(495.0, 624.0)), Cars: 145
INFO:root:Time: 119.282004, Edge: ((567, 562),(495.0, 624.0)), Cars: 146
INFO:root:Time: 119.665325, Edge: ((529, 703),(495.0, 624.0)), Cars: 54
INFO:root:Time: 119.737129, Edge: ((529, 703),(495.0, 624.0)), Cars: 55
INFO:root:Time: 119.802946, Edge: ((567, 562),(495.0, 624.0)), Cars: 147
INFO:root:Time: 119.825629, Edge: ((529, 703),(495.0, 624.0)), Cars: 56
INFO:root:Time: 120.008776, Edge: ((529, 703),(495.0, 624.0)), Cars: 57
INFO:root:Time: 120.463325, Edge: ((567, 562),(495.0, 624.0)), Cars: 148
INFO:root:Time: 120.701760, Edge: ((529, 703),(495.0, 624.0)), Cars: 58
INFO:root:Time: 121.446759, Edge: ((529, 703),(495.0, 624.0)), Cars: 59
INFO:root:Time: 121.613610, Edge: ((529, 703),(495.0, 624.0)), Cars: 60
INFO:root:Time: 122.035691, Edge: ((529, 703),(495.0, 624.0)), Cars: 61
INFO:root:Time: 122.246004, Edge: ((567, 562),(495.0, 624.0)), Cars: 149
INFO:root:Time: 122.504023, Edge: ((529, 703),(495.0, 624.0)), Cars: 62
INFO:root:Time: 122.593886, Edge: ((529, 703),(495.0, 624.0)), Cars: 63
INFO:root:Time: 122.723235, Edge: ((529, 703),(495.0, 624.0)), Cars: 64
INFO:root:Time: 122.944410, Edge: ((567, 562),(495.0, 624.0)), Cars: 150
INFO:root:Time: 123.011188, Edge: ((742, 427),(794.0, 359.0)), Cars: 2
INFO:root:Time: 125.887934, Edge: ((742, 427),(794.0, 359.0)), Cars: 3
INFO:root:Time: 125.898554, Edge: ((529, 703),(495.0, 624.0)), Cars: 65
INFO:root:Time: 126.084553, Edge: ((567, 562),(495.0, 624.0)), Cars: 151
INFO:root:Time: 126.212854, Edge: ((567, 562),(495.0, 624.0)), Cars: 152
INFO:root:Time: 126.331999, Edge: ((529, 703),(495.0, 624.0)), Cars: 66
INFO:root:Time: 126.387070, Edge: ((742, 427),(794.0, 359.0)), Cars: 2
INFO:root:Time: 126.387070, Edge: ((794.0, 359.0),(833, 370)), Cars: 1
INFO:root:Time: 126.677166, Edge: ((529, 703),(495.0, 624.0)), Cars: 67
INFO:root:Time: 127.061013, Edge: ((529, 703),(495.0, 624.0)), Cars: 68
INFO:root:Time: 127.879320, Edge: ((529, 703),(495.0, 624.0)), Cars: 69
INFO:root:Time: 128.560700, Edge: ((529, 703),(495.0, 624.0)), Cars: 70
INFO:root:Time: 128.607496, Edge: ((529, 703),(495.0, 624.0)), Cars: 71
INFO:root:Time: 129.798880, Edge: ((567, 562),(495.0, 624.0)), Cars: 153
INFO:root:Time: 130.827815, Edge: ((567, 562),(495.0, 624.0)), Cars: 154
INFO:root:Time: 130.994634, Edge: ((529, 703),(495.0, 624.0)), Cars: 72
INFO:root:Time: 131.249058, Edge: ((742, 427),(794.0, 359.0)), Cars: 3
INFO:root:Time: 131.792371, Edge: ((529, 703),(495.0, 624.0)), Cars: 73
INFO:root:Time: 133.100171, Edge: ((742, 427),(794.0, 359.0)), Cars: 4
INFO:root:Time: 133.543673, Edge: ((529, 703),(495.0, 624.0)), Cars: 74
INFO:root:Time: 133.803741, Edge: ((742, 427),(794.0, 359.0)), Cars: 5
INFO:root:Time: 134.407335, Edge: ((529, 703),(495.0, 624.0)), Cars: 75
INFO:root:Time: 134.636576, Edge: ((529, 703),(495.0, 624.0)), Cars: 76
INFO:root:Time: 136.726658, Edge: ((742, 427),(794.0, 359.0)), Cars: 6
INFO:root:Time: 136.923060, Edge: ((742, 427),(794.0, 359.0)), Cars: 7
INFO:root:Time: 137.239438, Edge: ((529, 703),(495.0, 624.0)), Cars: 77
INFO:root:Time: 137.376986, Edge: ((529, 703),(495.0, 624.0)), Cars: 78
INFO:root:Time: 137.378487, Edge: ((529, 703),(495.0, 624.0)), Cars: 79
INFO:root:Time: 137.842953, Edge: ((529, 703),(495.0, 624.0)), Cars: 80
INFO:root:Time: 138.457088, Edge: ((529, 703),(495.0, 624.0)), Cars: 81
INFO:root:Time: 138.986347, Edge: ((742, 427),(794.0, 359.0)), Cars: 8
INFO:root:Time: 140.262518, Edge: ((742, 427),(794.0, 359.0)), Cars: 9
INFO:root:Time: 140.362849, Edge: ((529, 703),(495.0, 624.0)), Cars: 82
INFO:root:Time: 140.649091, Edge: ((529, 703),(495.0, 624.0)), Cars: 83
INFO:root:Time: 142.259887, Edge: ((742, 427),(794.0, 359.0)), Cars: 10
INFO:root:Time: 142.562572, Edge: ((742, 427),(794.0, 359.0)), Cars: 11
INFO:root:Time: 143.237692, Edge: ((742, 427),(794.0, 359.0)), Cars: 12
INFO:root:Time: 143.372395, Edge: ((529, 703),(495.0, 624.0)), Cars: 84
INFO:root:Time: 143.754468, Edge: ((742, 427),(794.0, 359.0)), Cars: 13
INFO:root:Time: 143.889624, Edge: ((742, 427),(794.0, 359.0)), Cars: 14
INFO:root:Time: 144.027588, Edge: ((742, 427),(794.0, 359.0)), Cars: 15
INFO:root:Time: 144.500953, Edge: ((742, 427),(794.0, 359.0)), Cars: 16
INFO:root:Time: 146.269170, Edge: ((742, 427),(794.0, 359.0)), Cars: 17
INFO:root:Time: 146.913305, Edge: ((705, 942),(624.0, 1015.0)), Cars: 1
INFO:root:Time: 147.034233, Edge: ((742, 427),(794.0, 359.0)), Cars: 18
INFO:root:Time: 147.512494, Edge: ((742, 427),(794.0, 359.0)), Cars: 19
INFO:root:Time: 147.769109, Edge: ((742, 427),(794.0, 359.0)), Cars: 20
INFO:root:Time: 148.261930, Edge: ((742, 427),(794.0, 359.0)), Cars: 21
INFO:root:Time: 148.703856, Edge: ((529, 703),(495.0, 624.0)), Cars: 85
INFO:root:Time: 148.746524, Edge: ((391.0, 604.0),(314.0, 590.0)), Cars: 0
INFO:root:Time: 148.746524, Edge: ((314.0, 590.0),0), Cars: 1
INFO:root:Time: 150.664812, Edge: ((742, 427),(794.0, 359.0)), Cars: 22
INFO:root:Time: 151.151177, Edge: ((742, 427),(794.0, 359.0)), Cars: 23
INFO:root:Time: 151.261550, Edge: ((742, 427),(794.0, 359.0)), Cars: 24
INFO:root:Time: 151.566183, Edge: ((742, 427),(794.0, 359.0)), Cars: 25
INFO:root:Time: 151.636790, Edge: ((742, 427),(794.0, 359.0)), Cars: 26
INFO:root:Time: 151.692135, Edge: ((742, 427),(794.0, 359.0)), Cars: 27
INFO:root:Time: 151.925813, Edge: ((742, 427),(794.0, 359.0)), Cars: 28
INFO:root:Time: 152.134431, Edge: ((742, 427),(794.0, 359.0)), Cars: 29
INFO:root:Time: 152.665060, Edge: ((742, 427),(794.0, 359.0)), Cars: 30
INFO:root:Time: 152.706146, Edge: ((742, 427),(794.0, 359.0)), Cars: 31
INFO:root:Time: 155.239374, Edge: ((742, 427),(794.0, 359.0)), Cars: 32
INFO:root:Time: 155.476219, Edge: ((742, 427),(794.0, 359.0)), Cars: 33
INFO:root:Time: 155.622576, Edge: ((742, 427),(794.0, 359.0)), Cars: 34
INFO:root:Time: 156.184507, Edge: ((794.0, 359.0),(833, 370)), Cars: 0
INFO:root:Time: 156.184507, Edge: ((833, 370),(856, 215)), Cars: 1
INFO:root:Time: 156.289076, Edge: ((742, 427),(794.0, 359.0)), Cars: 35
INFO:root:Time: 156.612577, Edge: ((593, 402),(528, 477)), Cars: 1
INFO:root:Time: 156.723548, Edge: ((742, 427),(794.0, 359.0)), Cars: 36
INFO:root:Time: 156.984968, Edge: ((742, 427),(794.0, 359.0)), Cars: 37
INFO:root:Time: 157.183478, Edge: ((890, 399),(833, 370)), Cars: 1
INFO:root:Time: 157.220065, Edge: ((742, 427),(794.0, 359.0)), Cars: 38
INFO:root:Time: 157.291166, Edge: ((742, 427),(794.0, 359.0)), Cars: 39
INFO:root:Time: 158.182969, Edge: ((742, 427),(794.0, 359.0)), Cars: 40
INFO:root:Time: 158.514459, Edge: ((567, 562),(495.0, 624.0)), Cars: 153
INFO:root:Time: 158.514459, Edge: ((495.0, 624.0),(468.0, 617.0)), Cars: 1
INFO:root:Time: 159.081135, Edge: ((742, 427),(794.0, 359.0)), Cars: 41
INFO:root:Time: 159.796987, Edge: ((742, 427),(794.0, 359.0)), Cars: 42
INFO:root:Time: 160.097370, Edge: ((495.0, 624.0),(468.0, 617.0)), Cars: 0
INFO:root:Time: 160.097370, Edge: ((468.0, 617.0),(391.0, 604.0)), Cars: 1
INFO:root:Time: 160.166893, Edge: ((593, 402),(528, 477)), Cars: 2
INFO:root:Time: 160.324481, Edge: ((742, 427),(794.0, 359.0)), Cars: 43
INFO:root:Time: 160.419753, Edge: ((742, 427),(794.0, 359.0)), Cars: 44
INFO:root:Time: 160.710601, Edge: ((742, 427),(794.0, 359.0)), Cars: 45
INFO:root:Time: 160.923529, Edge: ((593, 402),(528, 477)), Cars: 3
INFO:root:Time: 161.539408, Edge: ((742, 427),(794.0, 359.0)), Cars: 46
INFO:root:Time: 161.884935, Edge: ((705, 942),(624.0, 1015.0)), Cars: 0
INFO:root:Time: 161.884935, Edge: ((624.0, 1015.0),(575, 1008)), Cars: 1
INFO:root:Time: 162.027755, Edge: ((705, 942),(624.0, 1015.0)), Cars: 1
INFO:root:Time: 162.164546, Edge: ((742, 427),(794.0, 359.0)), Cars: 47
INFO:root:Time: 163.093379, Edge: ((593, 402),(528, 477)), Cars: 4
INFO:root:Time: 163.625856, Edge: ((742, 427),(794.0, 359.0)), Cars: 46
INFO:root:Time: 163.625856, Edge: ((794.0, 359.0),(833, 370)), Cars: 1
INFO:root:Time: 163.718173, Edge: ((833, 370),(856, 215)), Cars: 0
INFO:root:Time: 163.718173, Edge: ((856, 215),0), Cars: 1
INFO:root:Time: 164.881115, Edge: ((742, 427),(794.0, 359.0)), Cars: 47
INFO:root:Time: 166.002171, Edge: ((705, 942),(624.0, 1015.0)), Cars: 2
INFO:root:Time: 166.660298, Edge: ((593, 402),(528, 477)), Cars: 5
INFO:root:Time: 166.971725, Edge: ((742, 427),(794.0, 359.0)), Cars: 48
INFO:root:Time: 167.766967, Edge: ((742, 427),(794.0, 359.0)), Cars: 49
INFO:root:Time: 167.775883, Edge: ((593, 402),(528, 477)), Cars: 6
INFO:root:Time: 167.933482, Edge: ((593, 402),(528, 477)), Cars: 7
INFO:root:Time: 168.748764, Edge: ((742, 427),(794.0, 359.0)), Cars: 50
INFO:root:Time: 169.125067, Edge: ((742, 427),(794.0, 359.0)), Cars: 51
INFO:root:Time: 169.170791, Edge: ((593, 402),(528, 477)), Cars: 8
INFO:root:Time: 169.423446, Edge: ((705, 942),(624.0, 1015.0)), Cars: 1
INFO:root:Time: 169.423446, Edge: ((624.0, 1015.0),(575, 1008)), Cars: 2
INFO:root:Time: 169.797529, Edge: ((794.0, 359.0),(833, 370)), Cars: 0
INFO:root:Time: 169.797529, Edge: ((833, 370),(856, 215)), Cars: 1
INFO:root:Time: 170.118373, Edge: ((593, 402),(528, 477)), Cars: 9
INFO:root:Time: 171.084593, Edge: ((705, 942),(624.0, 1015.0)), Cars: 2
INFO:root:Time: 171.487902, Edge: ((593, 402),(528, 477)), Cars: 10
INFO:root:Time: 171.492799, Edge: ((742, 427),(794.0, 359.0)), Cars: 52
INFO:root:Time: 171.715470, Edge: ((705, 942),(624.0, 1015.0)), Cars: 3
INFO:root:Time: 171.846375, Edge: ((742, 427),(794.0, 359.0)), Cars: 51
INFO:root:Time: 171.846375, Edge: ((794.0, 359.0),(833, 370)), Cars: 1
INFO:root:Time: 171.947670, Edge: ((742, 427),(794.0, 359.0)), Cars: 52
INFO:root:Time: 172.822032, Edge: ((593, 402),(528, 477)), Cars: 11
INFO:root:Time: 174.215955, Edge: ((593, 402),(528, 477)), Cars: 12
INFO:root:Time: 174.534634, Edge: ((593, 402),(528, 477)), Cars: 13
INFO:root:Time: 174.915529, Edge: ((593, 402),(528, 477)), Cars: 14
INFO:root:Time: 175.455238, Edge: ((529, 703),(495.0, 624.0)), Cars: 84
INFO:root:Time: 175.455238, Edge: ((495.0, 624.0),(468.0, 617.0)), Cars: 1
INFO:root:Time: 175.770451, Edge: ((593, 402),(528, 477)), Cars: 15
INFO:root:Time: 176.133839, Edge: ((593, 402),(528, 477)), Cars: 14
INFO:root:Time: 176.133839, Edge: ((528, 477),(422, 459)), Cars: 1
INFO:root:Time: 176.178617, Edge: ((593, 402),(528, 477)), Cars: 15
INFO:root:Time: 176.603362, Edge: ((593, 402),(528, 477)), Cars: 16
INFO:root:Time: 176.726224, Edge: ((593, 402),(528, 477)), Cars: 17
INFO:root:Time: 176.754034, Edge: ((593, 402),(528, 477)), Cars: 18
INFO:root:Time: 176.801097, Edge: ((705, 942),(624.0, 1015.0)), Cars: 4
INFO:root:Time: 176.862931, Edge: ((593, 402),(528, 477)), Cars: 19
INFO:root:Time: 177.425923, Edge: ((593, 402),(528, 477)), Cars: 20
INFO:root:Time: 177.521954, Edge: ((742, 427),(794.0, 359.0)), Cars: 53
INFO:root:Time: 177.535435, Edge: ((593, 402),(528, 477)), Cars: 21
INFO:root:Time: 177.882975, Edge: ((794.0, 359.0),(833, 370)), Cars: 0
INFO:root:Time: 177.882975, Edge: ((833, 370),(856, 215)), Cars: 2
INFO:root:Time: 177.904775, Edge: ((338, 667),(314.0, 590.0)), Cars: 1
INFO:root:Time: 178.300077, Edge: ((890, 399),(833, 370)), Cars: 2
INFO:root:Time: 178.375850, Edge: ((593, 402),(528, 477)), Cars: 22
INFO:root:Time: 178.653064, Edge: ((705, 942),(624.0, 1015.0)), Cars: 5
INFO:root:Time: 179.275193, Edge: ((705, 942),(624.0, 1015.0)), Cars: 6
INFO:root:Time: 179.417716, Edge: ((593, 402),(528, 477)), Cars: 23
INFO:root:Time: 179.861370, Edge: ((890, 399),(833, 370)), Cars: 3
INFO:root:Time: 180.016553, Edge: ((705, 942),(624.0, 1015.0)), Cars: 7
INFO:root:Time: 180.370114, Edge: ((528, 477),(422, 459)), Cars: 0
INFO:root:Time: 180.370114, Edge: ((422, 459),(323, 441)), Cars: 1
INFO:root:Time: 180.449015, Edge: ((593, 402),(528, 477)), Cars: 24
INFO:root:Time: 180.545851, Edge: ((742, 427),(794.0, 359.0)), Cars: 54
INFO:root:Time: 180.995803, Edge: ((705, 942),(624.0, 1015.0)), Cars: 8
INFO:root:Time: 181.227717, Edge: ((593, 402),(528, 477)), Cars: 25
INFO:root:Time: 181.249738, Edge: ((593, 402),(528, 477)), Cars: 26
INFO:root:Time: 181.306282, Edge: ((593, 402),(528, 477)), Cars: 27
INFO:root:Time: 181.384006, Edge: ((593, 402),(528, 477)), Cars: 28
INFO:root:Time: 181.410495, Edge: ((705, 942),(624.0, 1015.0)), Cars: 9
INFO:root:Time: 181.787952, Edge: ((593, 402),(528, 477)), Cars: 29
INFO:root:Time: 181.914634, Edge: ((705, 942),(624.0, 1015.0)), Cars: 10
INFO:root:Time: 182.195041, Edge: ((593, 402),(528, 477)), Cars: 30
INFO:root:Time: 182.493680, Edge: ((705, 942),(624.0, 1015.0)), Cars: 11
INFO:root:Time: 182.990422, Edge: ((593, 402),(528, 477)), Cars: 31
INFO:root:Time: 183.090223, Edge: ((705, 942),(624.0, 1015.0)), Cars: 12
INFO:root:Time: 183.488015, Edge: ((593, 402),(528, 477)), Cars: 32
INFO:root:Time: 184.994524, Edge: ((705, 942),(624.0, 1015.0)), Cars: 13
INFO:root:Time: 185.096277, Edge: ((705, 942),(624.0, 1015.0)), Cars: 14
INFO:root:Time: 185.150831, Edge: ((705, 942),(624.0, 1015.0)), Cars: 15
INFO:root:Time: 185.811646, Edge: ((593, 402),(528, 477)), Cars: 33
INFO:root:Time: 186.853788, Edge: ((705, 942),(624.0, 1015.0)), Cars: 16
INFO:root:Time: 187.117259, Edge: ((874, 924),(960, 968)), Cars: 1
INFO:root:Time: 187.999441, Edge: ((593, 402),(528, 477)), Cars: 34
INFO:root:Time: 188.330020, Edge: ((705, 942),(624.0, 1015.0)), Cars: 17
INFO:root:Time: 188.758371, Edge: ((593, 402),(528, 477)), Cars: 35
INFO:root:Time: 189.006235, Edge: ((705, 942),(624.0, 1015.0)), Cars: 18
INFO:root:Time: 189.369667, Edge: ((593, 402),(528, 477)), Cars: 36
INFO:root:Time: 190.186594, Edge: ((705, 942),(624.0, 1015.0)), Cars: 19
INFO:root:Time: 190.247705, Edge: ((705, 942),(624.0, 1015.0)), Cars: 20
INFO:root:Time: 190.862949, Edge: ((593, 402),(528, 477)), Cars: 37
INFO:root:Time: 191.286239, Edge: ((705, 942),(624.0, 1015.0)), Cars: 21
INFO:root:Time: 191.755310, Edge: ((466, 379),(322, 399)), Cars: 1
INFO:root:Time: 191.971071, Edge: ((705, 942),(624.0, 1015.0)), Cars: 22
INFO:root:Time: 192.300828, Edge: ((624.0, 1015.0),(575, 1008)), Cars: 1
INFO:root:Time: 192.300828, Edge: ((575, 1008),(545, 1004)), Cars: 1
INFO:root:Time: 193.085991, Edge: ((338, 667),(314.0, 590.0)), Cars: 2
INFO:root:Time: 193.381943, Edge: ((705, 942),(624.0, 1015.0)), Cars: 23
INFO:root:Time: 193.535925, Edge: ((593, 402),(528, 477)), Cars: 38
INFO:root:Time: 193.763906, Edge: ((468.0, 617.0),(391.0, 604.0)), Cars: 0
INFO:root:Time: 193.763906, Edge: ((391.0, 604.0),(314.0, 590.0)), Cars: 1
INFO:root:Time: 194.103475, Edge: ((338, 667),(314.0, 590.0)), Cars: 3
INFO:root:Time: 194.586164, Edge: ((705, 942),(624.0, 1015.0)), Cars: 24
INFO:root:Time: 195.061736, Edge: ((705, 942),(624.0, 1015.0)), Cars: 25
INFO:root:Time: 195.304718, Edge: ((705, 942),(624.0, 1015.0)), Cars: 26
INFO:root:Time: 195.473409, Edge: ((874, 924),(960, 968)), Cars: 2
INFO:root:Time: 195.807420, Edge: ((705, 942),(624.0, 1015.0)), Cars: 27
INFO:root:Time: 196.257755, Edge: ((593, 402),(528, 477)), Cars: 39
INFO:root:Time: 196.707134, Edge: ((705, 942),(624.0, 1015.0)), Cars: 28
INFO:root:Time: 197.046478, Edge: ((391.0, 604.0),(314.0, 590.0)), Cars: 0
INFO:root:Time: 197.046478, Edge: ((314.0, 590.0),0), Cars: 2
INFO:root:Time: 197.159832, Edge: ((593, 402),(528, 477)), Cars: 40
INFO:root:Time: 197.372085, Edge: ((890, 399),(833, 370)), Cars: 4
INFO:root:Time: 197.618059, Edge: ((466, 379),(322, 399)), Cars: 0
INFO:root:Time: 197.618059, Edge: ((322, 399),(323, 441)), Cars: 1
INFO:root:Time: 197.767908, Edge: ((705, 942),(624.0, 1015.0)), Cars: 29
INFO:root:Time: 198.113816, Edge: ((742, 427),(794.0, 359.0)), Cars: 53
INFO:root:Time: 198.113816, Edge: ((794.0, 359.0),(833, 370)), Cars: 1
INFO:root:Time: 198.342859, Edge: ((593, 402),(528, 477)), Cars: 41
INFO:root:Time: 198.365607, Edge: ((890, 399),(833, 370)), Cars: 5
INFO:root:Time: 198.687252, Edge: ((705, 942),(624.0, 1015.0)), Cars: 30
INFO:root:Time: 198.839785, Edge: ((705, 942),(624.0, 1015.0)), Cars: 31
INFO:root:Time: 198.864345, Edge: ((705, 942),(624.0, 1015.0)), Cars: 32
INFO:root:Time: 198.945511, Edge: ((874, 924),(960, 968)), Cars: 1
INFO:root:Time: 198.945511, Edge: ((960, 968),(973, 872)), Cars: 1
INFO:root:Time: 199.130278, Edge: ((593, 402),(528, 477)), Cars: 42
INFO:root:Time: 199.447677, Edge: ((705, 942),(624.0, 1015.0)), Cars: 33
INFO:root:Time: 200.065977, Edge: ((705, 942),(624.0, 1015.0)), Cars: 34
INFO:root:Time: 200.919069, Edge: ((705, 942),(624.0, 1015.0)), Cars: 35
INFO:root:Time: 201.223529, Edge: ((705, 942),(624.0, 1015.0)), Cars: 36
INFO:root:Time: 201.429682, Edge: ((971, 445),(1049, 397)), Cars: 1
INFO:root:Time: 201.458127, Edge: ((593, 402),(528, 477)), Cars: 43
INFO:root:Time: 201.628856, Edge: ((593, 402),(528, 477)), Cars: 44
INFO:root:Time: 202.342376, Edge: ((890, 399),(833, 370)), Cars: 6
INFO:root:Time: 202.836891, Edge: ((705, 942),(624.0, 1015.0)), Cars: 37
INFO:root:Time: 203.447088, Edge: ((705, 942),(624.0, 1015.0)), Cars: 38
INFO:root:Time: 203.696463, Edge: ((593, 402),(528, 477)), Cars: 45
INFO:root:Time: 203.714412, Edge: ((338, 667),(314.0, 590.0)), Cars: 4
INFO:root:Time: 203.779210, Edge: ((705, 942),(624.0, 1015.0)), Cars: 39
INFO:root:Time: 203.946277, Edge: ((960, 968),(973, 872)), Cars: 0
INFO:root:Time: 203.946277, Edge: ((973, 872),(1112, 899)), Cars: 1
INFO:root:Time: 204.182575, Edge: ((593, 402),(528, 477)), Cars: 46
INFO:root:Time: 204.358370, Edge: ((890, 399),(833, 370)), Cars: 5
INFO:root:Time: 204.358370, Edge: ((833, 370),(856, 215)), Cars: 3
INFO:root:Time: 204.896385, Edge: ((890, 399),(833, 370)), Cars: 6
INFO:root:Time: 204.963476, Edge: ((890, 399),(833, 370)), Cars: 7
INFO:root:Time: 205.215017, Edge: ((705, 942),(624.0, 1015.0)), Cars: 40
INFO:root:Time: 205.414863, Edge: ((874, 924),(960, 968)), Cars: 2
INFO:root:Time: 206.677478, Edge: ((593, 402),(528, 477)), Cars: 47
INFO:root:Time: 206.771029, Edge: ((338, 667),(314.0, 590.0)), Cars: 5
INFO:root:Time: 206.837829, Edge: ((705, 942),(624.0, 1015.0)), Cars: 41
INFO:root:Time: 207.172434, Edge: ((973, 872),(1112, 899)), Cars: 0
INFO:root:Time: 207.172434, Edge: ((1112, 899),(1192, 908)), Cars: 1
INFO:root:Time: 207.377471, Edge: ((874, 924),(960, 968)), Cars: 3
INFO:root:Time: 207.561031, Edge: ((860, 1035),(960, 968)), Cars: 1
INFO:root:Time: 207.907197, Edge: ((705, 942),(624.0, 1015.0)), Cars: 42
INFO:root:Time: 208.070402, Edge: ((874, 924),(960, 968)), Cars: 4
INFO:root:Time: 208.086905, Edge: ((593, 402),(528, 477)), Cars: 48
INFO:root:Time: 208.130762, Edge: ((705, 942),(624.0, 1015.0)), Cars: 43
INFO:root:Time: 208.177675, Edge: ((890, 399),(833, 370)), Cars: 8
INFO:root:Time: 208.324438, Edge: ((874, 924),(960, 968)), Cars: 5
INFO:root:Time: 208.380865, Edge: ((971, 445),(1049, 397)), Cars: 2
INFO:root:Time: 208.632977, Edge: ((338, 667),(314.0, 590.0)), Cars: 6
INFO:root:Time: 209.550016, Edge: ((338, 667),(314.0, 590.0)), Cars: 7
INFO:root:Time: 211.113333, Edge: ((705, 942),(624.0, 1015.0)), Cars: 44
INFO:root:Time: 211.320378, Edge: ((705, 942),(624.0, 1015.0)), Cars: 45
INFO:root:Time: 211.588602, Edge: ((874, 924),(960, 968)), Cars: 6
INFO:root:Time: 211.677218, Edge: ((705, 942),(624.0, 1015.0)), Cars: 46
INFO:root:Time: 211.767629, Edge: ((874, 924),(960, 968)), Cars: 7
INFO:root:Time: 212.113046, Edge: ((705, 942),(624.0, 1015.0)), Cars: 47
INFO:root:Time: 212.355572, Edge: ((338, 667),(314.0, 590.0)), Cars: 8
INFO:root:Time: 212.383883, Edge: ((705, 942),(624.0, 1015.0)), Cars: 46
INFO:root:Time: 212.383883, Edge: ((624.0, 1015.0),(575, 1008)), Cars: 2
INFO:root:Time: 212.422351, Edge: ((705, 942),(624.0, 1015.0)), Cars: 47
INFO:root:Time: 212.491940, Edge: ((593, 402),(528, 477)), Cars: 49
INFO:root:Time: 212.538034, Edge: ((705, 942),(624.0, 1015.0)), Cars: 48
INFO:root:Time: 212.863842, Edge: ((705, 942),(624.0, 1015.0)), Cars: 49
INFO:root:Time: 213.222484, Edge: ((466, 379),(322, 399)), Cars: 1
INFO:root:Time: 213.535286, Edge: ((971, 445),(1049, 397)), Cars: 3
INFO:root:Time: 214.069399, Edge: ((466, 379),(322, 399)), Cars: 2
INFO:root:Time: 214.460743, Edge: ((705, 942),(624.0, 1015.0)), Cars: 50
INFO:root:Time: 214.461882, Edge: ((617, 249),(708.0, 195.0)), Cars: 1
INFO:root:Time: 214.752326, Edge: ((324, 535),(314.0, 590.0)), Cars: 1
INFO:root:Time: 215.335600, Edge: ((338, 667),(314.0, 590.0)), Cars: 9
INFO:root:Time: 215.655104, Edge: ((338, 667),(314.0, 590.0)), Cars: 10
INFO:root:Time: 215.942668, Edge: ((971, 445),(1049, 397)), Cars: 4
INFO:root:Time: 216.165251, Edge: ((971, 445),(1049, 397)), Cars: 5
INFO:root:Time: 216.178310, Edge: ((705, 942),(624.0, 1015.0)), Cars: 51
INFO:root:Time: 216.200800, Edge: ((971, 445),(1049, 397)), Cars: 6
INFO:root:Time: 216.287385, Edge: ((971, 445),(1049, 397)), Cars: 7
INFO:root:Time: 216.327519, Edge: ((971, 445),(1049, 397)), Cars: 6
INFO:root:Time: 216.327519, Edge: ((1049, 397),(1081, 228)), Cars: 1
INFO:root:Time: 216.532611, Edge: ((338, 667),(314.0, 590.0)), Cars: 11
INFO:root:Time: 216.823221, Edge: ((705, 942),(624.0, 1015.0)), Cars: 52
INFO:root:Time: 217.136182, Edge: ((705, 942),(624.0, 1015.0)), Cars: 53
INFO:root:Time: 217.194071, Edge: ((1105, 740),(1214, 751)), Cars: 1
INFO:root:Time: 217.345513, Edge: ((705, 942),(624.0, 1015.0)), Cars: 54
INFO:root:Time: 217.363742, Edge: ((705, 942),(624.0, 1015.0)), Cars: 55
INFO:root:Time: 217.431623, Edge: ((890, 399),(833, 370)), Cars: 9
INFO:root:Time: 217.450198, Edge: ((890, 399),(833, 370)), Cars: 10
INFO:root:Time: 217.561303, Edge: ((874, 924),(960, 968)), Cars: 8
INFO:root:Time: 217.580558, Edge: ((338, 667),(314.0, 590.0)), Cars: 12
INFO:root:Time: 217.616001, Edge: ((593, 402),(528, 477)), Cars: 50
INFO:root:Time: 217.682672, Edge: ((874, 924),(960, 968)), Cars: 9
INFO:root:Time: 217.733858, Edge: ((705, 942),(624.0, 1015.0)), Cars: 56
INFO:root:Time: 218.127108, Edge: ((890, 399),(833, 370)), Cars: 11
INFO:root:Time: 218.426158, Edge: ((324, 535),(314.0, 590.0)), Cars: 0
INFO:root:Time: 218.426158, Edge: ((314.0, 590.0),0), Cars: 3
INFO:root:Time: 218.538612, Edge: ((971, 445),(1049, 397)), Cars: 7
INFO:root:Time: 218.602256, Edge: ((338, 667),(314.0, 590.0)), Cars: 13
INFO:root:Time: 218.782252, Edge: ((705, 942),(624.0, 1015.0)), Cars: 57
INFO:root:Time: 219.133504, Edge: ((1049, 397),(1081, 228)), Cars: 0
INFO:root:Time: 219.133504, Edge: ((1081, 228),0), Cars: 1
INFO:root:Time: 219.904143, Edge: ((593, 402),(528, 477)), Cars: 51
INFO:root:Time: 220.350694, Edge: ((971, 445),(1049, 397)), Cars: 8
INFO:root:Time: 221.060126, Edge: ((874, 924),(960, 968)), Cars: 8
INFO:root:Time: 221.060126, Edge: ((960, 968),(973, 872)), Cars: 1
INFO:root:Time: 222.947490, Edge: ((874, 924),(960, 968)), Cars: 9
INFO:root:Time: 223.153071, Edge: ((705, 942),(624.0, 1015.0)), Cars: 58
INFO:root:Time: 223.226912, Edge: ((338, 667),(314.0, 590.0)), Cars: 14
INFO:root:Time: 223.488981, Edge: ((874, 924),(960, 968)), Cars: 10
INFO:root:Time: 223.573913, Edge: ((971, 445),(1049, 397)), Cars: 7
INFO:root:Time: 223.573913, Edge: ((1049, 397),(1081, 228)), Cars: 1
INFO:root:Time: 223.673312, Edge: ((338, 667),(314.0, 590.0)), Cars: 15
INFO:root:Time: 224.129414, Edge: ((466, 379),(322, 399)), Cars: 3
INFO:root:Time: 224.339707, Edge: ((338, 667),(314.0, 590.0)), Cars: 16
INFO:root:Time: 224.553194, Edge: ((324, 535),(314.0, 590.0)), Cars: 1
INFO:root:Time: 224.715017, Edge: ((874, 924),(960, 968)), Cars: 11
INFO:root:Time: 224.920852, Edge: ((338, 667),(314.0, 590.0)), Cars: 17
INFO:root:Time: 225.388805, Edge: ((874, 924),(960, 968)), Cars: 12
INFO:root:Time: 225.525109, Edge: ((338, 667),(314.0, 590.0)), Cars: 18
INFO:root:Time: 225.758477, Edge: ((466, 379),(322, 399)), Cars: 4
INFO:root:Time: 225.845885, Edge: ((890, 399),(833, 370)), Cars: 12
INFO:root:Time: 225.983443, Edge: ((890, 399),(833, 370)), Cars: 13
INFO:root:Time: 226.159702, Edge: ((874, 924),(960, 968)), Cars: 11
INFO:root:Time: 226.159702, Edge: ((960, 968),(973, 872)), Cars: 2
INFO:root:Time: 226.481040, Edge: ((874, 924),(960, 968)), Cars: 12
INFO:root:Time: 226.519179, Edge: ((338, 667),(314.0, 590.0)), Cars: 19
INFO:root:Time: 226.611993, Edge: ((705, 942),(624.0, 1015.0)), Cars: 59
INFO:root:Time: 226.813827, Edge: ((890, 399),(833, 370)), Cars: 14
INFO:root:Time: 227.363646, Edge: ((794.0, 359.0),(833, 370)), Cars: 0
INFO:root:Time: 227.363646, Edge: ((833, 370),(856, 215)), Cars: 4
INFO:root:Time: 227.851967, Edge: ((890, 399),(833, 370)), Cars: 15
INFO:root:Time: 228.429817, Edge: ((705, 942),(624.0, 1015.0)), Cars: 60
INFO:root:Time: 228.585822, Edge: ((890, 399),(833, 370)), Cars: 16
INFO:root:Time: 228.728095, Edge: ((874, 924),(960, 968)), Cars: 13
INFO:root:Time: 228.733754, Edge: ((338, 667),(314.0, 590.0)), Cars: 20
INFO:root:Time: 228.961214, Edge: ((971, 445),(1049, 397)), Cars: 8
INFO:root:Time: 229.423278, Edge: ((890, 399),(833, 370)), Cars: 17
INFO:root:Time: 229.463355, Edge: ((338, 667),(314.0, 590.0)), Cars: 21
INFO:root:Time: 229.619459, Edge: ((355, 879),(455.0, 859.0)), Cars: 1
INFO:root:Time: 229.765939, Edge: ((466, 379),(322, 399)), Cars: 5
INFO:root:Time: 229.901700, Edge: ((860, 1035),(960, 968)), Cars: 2
INFO:root:Time: 230.260810, Edge: ((324, 535),(314.0, 590.0)), Cars: 2
INFO:root:Time: 230.539711, Edge: ((466, 379),(322, 399)), Cars: 6
INFO:root:Time: 230.604500, Edge: ((765, 267),(818.0, 211.0)), Cars: 1
INFO:root:Time: 230.729593, Edge: ((355, 879),(455.0, 859.0)), Cars: 2
INFO:root:Time: 230.882643, Edge: ((338, 667),(314.0, 590.0)), Cars: 22
INFO:root:Time: 230.958597, Edge: ((338, 667),(314.0, 590.0)), Cars: 23
INFO:root:Time: 231.214681, Edge: ((860, 1035),(960, 968)), Cars: 3
INFO:root:Time: 231.533818, Edge: ((422, 459),(323, 441)), Cars: 0
INFO:root:Time: 231.533818, Edge: ((323, 441),0), Cars: 1
INFO:root:Time: 231.589569, Edge: ((705, 942),(624.0, 1015.0)), Cars: 61
INFO:root:Time: 231.677861, Edge: ((338, 667),(314.0, 590.0)), Cars: 24
INFO:root:Time: 231.724323, Edge: ((874, 924),(960, 968)), Cars: 14
INFO:root:Time: 231.786610, Edge: ((971, 445),(1049, 397)), Cars: 9
INFO:root:Time: 232.211908, Edge: ((890, 399),(833, 370)), Cars: 18
INFO:root:Time: 232.549713, Edge: ((324, 535),(314.0, 590.0)), Cars: 3
INFO:root:Time: 232.829798, Edge: ((1112, 899),(1192, 908)), Cars: 0
INFO:root:Time: 232.829798, Edge: ((1192, 908),0), Cars: 1
INFO:root:Time: 232.848073, Edge: ((466, 379),(322, 399)), Cars: 7
INFO:root:Time: 232.977502, Edge: ((324, 535),(314.0, 590.0)), Cars: 4
INFO:root:Time: 233.194508, Edge: ((705, 942),(624.0, 1015.0)), Cars: 62
INFO:root:Time: 233.270529, Edge: ((890, 399),(833, 370)), Cars: 19
INFO:root:Time: 233.341939, Edge: ((971, 445),(1049, 397)), Cars: 10
INFO:root:Time: 233.558480, Edge: ((593, 402),(528, 477)), Cars: 52
INFO:root:Time: 233.952263, Edge: ((355, 879),(455.0, 859.0)), Cars: 3
INFO:root:Time: 233.975891, Edge: ((971, 445),(1049, 397)), Cars: 11
INFO:root:Time: 234.641242, Edge: ((1105, 740),(1214, 751)), Cars: 2
INFO:root:Time: 234.654814, Edge: ((338, 667),(314.0, 590.0)), Cars: 25
INFO:root:Time: 234.777107, Edge: ((324, 535),(314.0, 590.0)), Cars: 3
INFO:root:Time: 234.777107, Edge: ((314.0, 590.0),0), Cars: 4
INFO:root:Time: 234.825834, Edge: ((338, 667),(314.0, 590.0)), Cars: 26
INFO:root:Time: 234.901840, Edge: ((705, 942),(624.0, 1015.0)), Cars: 63
INFO:root:Time: 234.932909, Edge: ((338, 667),(314.0, 590.0)), Cars: 27
INFO:root:Time: 234.963317, Edge: ((874, 924),(960, 968)), Cars: 15
INFO:root:Time: 235.061105, Edge: ((338, 667),(314.0, 590.0)), Cars: 28
INFO:root:Time: 235.482918, Edge: ((765, 267),(818.0, 211.0)), Cars: 0
INFO:root:Time: 235.482918, Edge: ((818.0, 211.0),(856, 215)), Cars: 1
INFO:root:Time: 235.795516, Edge: ((338, 667),(314.0, 590.0)), Cars: 29
INFO:root:Time: 236.043279, Edge: ((338, 667),(314.0, 590.0)), Cars: 30
INFO:root:Time: 236.608906, Edge: ((338, 667),(314.0, 590.0)), Cars: 29
INFO:root:Time: 236.608906, Edge: ((314.0, 590.0),0), Cars: 5
INFO:root:Time: 236.863954, Edge: ((971, 445),(1049, 397)), Cars: 12
INFO:root:Time: 237.292822, Edge: ((765, 267),(818.0, 211.0)), Cars: 1
INFO:root:Time: 237.638145, Edge: ((338, 667),(314.0, 590.0)), Cars: 30
INFO:root:Time: 237.871167, Edge: ((338, 667),(314.0, 590.0)), Cars: 31
INFO:root:Time: 238.500215, Edge: ((617, 249),(708.0, 195.0)), Cars: 2
INFO:root:Time: 238.845403, Edge: ((466, 379),(322, 399)), Cars: 8
INFO:root:Time: 238.948093, Edge: ((874, 924),(960, 968)), Cars: 16
INFO:root:Time: 239.872954, Edge: ((705, 942),(624.0, 1015.0)), Cars: 64
INFO:root:Time: 240.015997, Edge: ((338, 667),(314.0, 590.0)), Cars: 32
INFO:root:Time: 240.330974, Edge: ((466, 379),(322, 399)), Cars: 9
INFO:root:Time: 240.380335, Edge: ((338, 667),(314.0, 590.0)), Cars: 33
INFO:root:Time: 240.502859, Edge: ((466, 379),(322, 399)), Cars: 10
INFO:root:Time: 240.729403, Edge: ((466, 379),(322, 399)), Cars: 11
INFO:root:Time: 240.802735, Edge: ((355, 879),(455.0, 859.0)), Cars: 4
INFO:root:Time: 240.850362, Edge: ((324, 535),(314.0, 590.0)), Cars: 4
INFO:root:Time: 241.224176, Edge: ((355, 879),(455.0, 859.0)), Cars: 3
INFO:root:Time: 241.224176, Edge: ((455.0, 859.0),(445.0, 939.0)), Cars: 1
INFO:root:Time: 241.405963, Edge: ((324, 535),(314.0, 590.0)), Cars: 5
INFO:root:Time: 241.766301, Edge: ((338, 667),(314.0, 590.0)), Cars: 34
INFO:root:Time: 241.924341, Edge: ((874, 924),(960, 968)), Cars: 17
INFO:root:Time: 242.110911, Edge: ((338, 667),(314.0, 590.0)), Cars: 35
INFO:root:Time: 242.301749, Edge: ((338, 667),(314.0, 590.0)), Cars: 36
INFO:root:Time: 242.486591, Edge: ((324, 535),(314.0, 590.0)), Cars: 6
INFO:root:Time: 242.619573, Edge: ((338, 667),(314.0, 590.0)), Cars: 37
INFO:root:Time: 242.711729, Edge: ((874, 924),(960, 968)), Cars: 18
INFO:root:Time: 242.915582, Edge: ((466, 379),(322, 399)), Cars: 12
INFO:root:Time: 243.015641, Edge: ((338, 667),(314.0, 590.0)), Cars: 38
INFO:root:Time: 243.555753, Edge: ((890, 399),(833, 370)), Cars: 18
INFO:root:Time: 243.555753, Edge: ((833, 370),(856, 215)), Cars: 5
INFO:root:Time: 243.597471, Edge: ((1105, 740),(1214, 751)), Cars: 3
INFO:root:Time: 243.634607, Edge: ((355, 879),(455.0, 859.0)), Cars: 4
INFO:root:Time: 243.702687, Edge: ((338, 667),(314.0, 590.0)), Cars: 39
INFO:root:Time: 243.920333, Edge: ((324, 535),(314.0, 590.0)), Cars: 7
INFO:root:Time: 244.110361, Edge: ((466, 379),(322, 399)), Cars: 13
INFO:root:Time: 244.401888, Edge: ((324, 535),(314.0, 590.0)), Cars: 8
INFO:root:Time: 244.448881, Edge: ((455.0, 859.0),(445.0, 939.0)), Cars: 0
INFO:root:Time: 244.448881, Edge: ((445.0, 939.0),(435, 981)), Cars: 1
INFO:root:Time: 244.528747, Edge: ((617, 249),(708.0, 195.0)), Cars: 3
INFO:root:Time: 245.327430, Edge: ((874, 924),(960, 968)), Cars: 19
INFO:root:Time: 245.849248, Edge: ((466, 379),(322, 399)), Cars: 14
INFO:root:Time: 246.010795, Edge: ((338, 667),(314.0, 590.0)), Cars: 40
INFO:root:Time: 246.098197, Edge: ((355, 879),(455.0, 859.0)), Cars: 5
INFO:root:Time: 246.174437, Edge: ((338, 667),(314.0, 590.0)), Cars: 41
INFO:root:Time: 246.317094, Edge: ((338, 667),(314.0, 590.0)), Cars: 42
INFO:root:Time: 246.990318, Edge: ((860, 1035),(960, 968)), Cars: 4
INFO:root:Time: 247.176368, Edge: ((324, 535),(314.0, 590.0)), Cars: 9
INFO:root:Time: 247.216511, Edge: ((890, 399),(833, 370)), Cars: 17
INFO:root:Time: 247.216511, Edge: ((833, 370),(856, 215)), Cars: 6
INFO:root:Time: 247.885284, Edge: ((971, 445),(1049, 397)), Cars: 13
INFO:root:Time: 247.996535, Edge: ((355, 879),(455.0, 859.0)), Cars: 6
INFO:root:Time: 248.540517, Edge: ((324, 535),(314.0, 590.0)), Cars: 10
INFO:root:Time: 248.859105, Edge: ((765, 267),(818.0, 211.0)), Cars: 2
INFO:root:Time: 248.864196, Edge: ((512, 235),(617, 249)), Cars: 1
INFO:root:Time: 249.325142, Edge: ((971, 445),(1049, 397)), Cars: 14
INFO:root:Time: 249.344251, Edge: ((765, 267),(818.0, 211.0)), Cars: 3
INFO:root:Time: 249.460050, Edge: ((338, 667),(314.0, 590.0)), Cars: 43
INFO:root:Time: 249.953982, Edge: ((355, 879),(455.0, 859.0)), Cars: 7
INFO:root:Time: 250.015671, Edge: ((338, 667),(314.0, 590.0)), Cars: 44
INFO:root:Time: 250.520473, Edge: ((617, 249),(708.0, 195.0)), Cars: 4
INFO:root:Time: 251.066962, Edge: ((324, 535),(314.0, 590.0)), Cars: 11
INFO:root:Time: 251.074315, Edge: ((466, 379),(322, 399)), Cars: 15
INFO:root:Time: 251.818410, Edge: ((765, 267),(818.0, 211.0)), Cars: 4
INFO:root:Time: 251.885805, Edge: ((324, 535),(314.0, 590.0)), Cars: 12
INFO:root:Time: 252.136295, Edge: ((355, 879),(455.0, 859.0)), Cars: 8
INFO:root:Time: 252.306216, Edge: ((338, 667),(314.0, 590.0)), Cars: 45
INFO:root:Time: 252.406824, Edge: ((338, 667),(314.0, 590.0)), Cars: 46
INFO:root:Time: 252.468041, Edge: ((495.0, 624.0),(468.0, 617.0)), Cars: 0
INFO:root:Time: 252.468041, Edge: ((468.0, 617.0),(391.0, 604.0)), Cars: 1
INFO:root:Time: 252.879394, Edge: ((324, 535),(314.0, 590.0)), Cars: 13
INFO:root:Time: 253.120532, Edge: ((860, 1035),(960, 968)), Cars: 5
INFO:root:Time: 253.438110, Edge: ((466, 379),(322, 399)), Cars: 16
INFO:root:Time: 253.527743, Edge: ((874, 924),(960, 968)), Cars: 20
INFO:root:Time: 253.992946, Edge: ((860, 1035),(960, 968)), Cars: 6
INFO:root:Time: 254.049905, Edge: ((338, 667),(314.0, 590.0)), Cars: 47
INFO:root:Time: 254.264091, Edge: ((355, 879),(455.0, 859.0)), Cars: 9
INFO:root:Time: 254.415645, Edge: ((874, 924),(960, 968)), Cars: 21
INFO:root:Time: 254.607482, Edge: ((324, 535),(314.0, 590.0)), Cars: 14
INFO:root:Time: 254.686566, Edge: ((971, 445),(1049, 397)), Cars: 15
INFO:root:Time: 254.779046, Edge: ((765, 267),(818.0, 211.0)), Cars: 5
INFO:root:Time: 255.756109, Edge: ((765, 267),(818.0, 211.0)), Cars: 6
INFO:root:Time: 255.835023, Edge: ((445.0, 939.0),(435, 981)), Cars: 0
INFO:root:Time: 255.835023, Edge: ((435, 981),(237, 952)), Cars: 1
INFO:root:Time: 256.472559, Edge: ((338, 667),(314.0, 590.0)), Cars: 48
INFO:root:Time: 256.911947, Edge: ((874, 924),(960, 968)), Cars: 22
INFO:root:Time: 257.192191, Edge: ((324, 535),(314.0, 590.0)), Cars: 15
INFO:root:Time: 257.922271, Edge: ((1105, 740),(1214, 751)), Cars: 4
INFO:root:Time: 258.049892, Edge: ((765, 267),(818.0, 211.0)), Cars: 7
INFO:root:Time: 258.073455, Edge: ((690, 1055),(624.0, 1015.0)), Cars: 1
INFO:root:Time: 258.228535, Edge: ((324, 535),(314.0, 590.0)), Cars: 16
INFO:root:Time: 258.633614, Edge: ((971, 445),(1049, 397)), Cars: 16
INFO:root:Time: 258.986169, Edge: ((468.0, 617.0),(391.0, 604.0)), Cars: 0
INFO:root:Time: 258.986169, Edge: ((391.0, 604.0),(314.0, 590.0)), Cars: 1
INFO:root:Time: 259.083992, Edge: ((324, 535),(314.0, 590.0)), Cars: 17
INFO:root:Time: 259.254326, Edge: ((322, 399),(323, 441)), Cars: 0
INFO:root:Time: 259.254326, Edge: ((323, 441),0), Cars: 2
INFO:root:Time: 259.317151, Edge: ((355, 879),(455.0, 859.0)), Cars: 8
INFO:root:Time: 259.317151, Edge: ((455.0, 859.0),(445.0, 939.0)), Cars: 1
INFO:root:Time: 259.527711, Edge: ((338, 667),(314.0, 590.0)), Cars: 49
INFO:root:Time: 259.631406, Edge: ((324, 535),(314.0, 590.0)), Cars: 18
INFO:root:Time: 260.163840, Edge: ((355, 879),(455.0, 859.0)), Cars: 9
INFO:root:Time: 260.265604, Edge: ((338, 667),(314.0, 590.0)), Cars: 50
INFO:root:Time: 260.278948, Edge: ((1105, 740),(1214, 751)), Cars: 5
INFO:root:Time: 260.323884, Edge: ((1105, 740),(1214, 751)), Cars: 6
INFO:root:Time: 260.563248, Edge: ((765, 267),(818.0, 211.0)), Cars: 8
INFO:root:Time: 260.601729, Edge: ((860, 1035),(960, 968)), Cars: 5
INFO:root:Time: 260.601729, Edge: ((960, 968),(973, 872)), Cars: 3
INFO:root:Time: 260.616839, Edge: ((338, 667),(314.0, 590.0)), Cars: 51
INFO:root:Time: 260.695035, Edge: ((860, 1035),(960, 968)), Cars: 6
INFO:root:Time: 261.203955, Edge: ((765, 267),(818.0, 211.0)), Cars: 9
INFO:root:Time: 261.244425, Edge: ((960, 968),(973, 872)), Cars: 2
INFO:root:Time: 261.244425, Edge: ((973, 872),(1112, 899)), Cars: 1
INFO:root:Time: 261.671551, Edge: ((338, 667),(314.0, 590.0)), Cars: 52
INFO:root:Time: 261.858097, Edge: ((860, 1035),(960, 968)), Cars: 7
INFO:root:Time: 261.981690, Edge: ((1105, 740),(1214, 751)), Cars: 7
INFO:root:Time: 262.121491, Edge: ((617, 249),(708.0, 195.0)), Cars: 5
INFO:root:Time: 262.189192, Edge: ((355, 879),(455.0, 859.0)), Cars: 10
INFO:root:Time: 262.736039, Edge: ((860, 1035),(960, 968)), Cars: 8
INFO:root:Time: 262.929897, Edge: ((1105, 740),(1214, 751)), Cars: 8
INFO:root:Time: 263.170628, Edge: ((690, 1055),(624.0, 1015.0)), Cars: 2
INFO:root:Time: 263.188987, Edge: ((1105, 740),(1214, 751)), Cars: 9
INFO:root:Time: 263.926185, Edge: ((971, 445),(1049, 397)), Cars: 17
INFO:root:Time: 264.504248, Edge: ((765, 267),(818.0, 211.0)), Cars: 10
INFO:root:Time: 264.605612, Edge: ((455.0, 859.0),(445.0, 939.0)), Cars: 0
INFO:root:Time: 264.605612, Edge: ((445.0, 939.0),(435, 981)), Cars: 1
INFO:root:Time: 264.680702, Edge: ((324, 535),(314.0, 590.0)), Cars: 19
INFO:root:Time: 264.796691, Edge: ((860, 1035),(960, 968)), Cars: 9
INFO:root:Time: 264.976965, Edge: ((874, 924),(960, 968)), Cars: 21
INFO:root:Time: 264.976965, Edge: ((960, 968),(973, 872)), Cars: 3
INFO:root:Time: 265.099094, Edge: ((338, 667),(314.0, 590.0)), Cars: 53
INFO:root:Time: 265.326611, Edge: ((338, 667),(314.0, 590.0)), Cars: 54
INFO:root:Time: 265.847462, Edge: ((765, 267),(818.0, 211.0)), Cars: 11
INFO:root:Time: 266.422878, Edge: ((765, 267),(818.0, 211.0)), Cars: 12
INFO:root:Time: 266.534221, Edge: ((338, 667),(314.0, 590.0)), Cars: 55
INFO:root:Time: 267.098970, Edge: ((324, 535),(314.0, 590.0)), Cars: 20
INFO:root:Time: 267.304216, Edge: ((355, 879),(455.0, 859.0)), Cars: 11
INFO:root:Time: 267.470570, Edge: ((324, 535),(314.0, 590.0)), Cars: 21
INFO:root:Time: 267.623352, Edge: ((324, 535),(314.0, 590.0)), Cars: 22
INFO:root:Time: 267.717762, Edge: ((1105, 740),(1214, 751)), Cars: 10
INFO:root:Time: 267.762767, Edge: ((355, 879),(455.0, 859.0)), Cars: 12
INFO:root:Time: 268.298797, Edge: ((860, 1035),(960, 968)), Cars: 10
INFO:root:Time: 268.317906, Edge: ((338, 667),(314.0, 590.0)), Cars: 56
INFO:root:Time: 268.379927, Edge: ((971, 445),(1049, 397)), Cars: 18
INFO:root:Time: 268.627887, Edge: ((1105, 740),(1214, 751)), Cars: 11
INFO:root:Time: 268.836494, Edge: ((1105, 740),(1214, 751)), Cars: 10
INFO:root:Time: 268.836494, Edge: ((1214, 751),(1192, 908)), Cars: 1
INFO:root:Time: 269.295411, Edge: ((355, 879),(455.0, 859.0)), Cars: 13
INFO:root:Time: 269.396490, Edge: ((617, 249),(708.0, 195.0)), Cars: 6
INFO:root:Time: 269.982655, Edge: ((324, 535),(314.0, 590.0)), Cars: 23
INFO:root:Time: 270.057318, Edge: ((575, 1008),(545, 1004)), Cars: 0
INFO:root:Time: 270.057318, Edge: ((545, 1004),(435, 981)), Cars: 1
INFO:root:Time: 270.774954, Edge: ((776, 142),(650, 122)), Cars: 1
INFO:root:Time: 270.913472, Edge: ((324, 535),(314.0, 590.0)), Cars: 24
INFO:root:Time: 271.036208, Edge: ((690, 1055),(624.0, 1015.0)), Cars: 3
INFO:root:Time: 271.045935, Edge: ((1105, 740),(1214, 751)), Cars: 11
INFO:root:Time: 271.425208, Edge: ((617, 249),(708.0, 195.0)), Cars: 7
INFO:root:Time: 271.600032, Edge: ((355, 879),(455.0, 859.0)), Cars: 14
INFO:root:Time: 271.629195, Edge: ((324, 535),(314.0, 590.0)), Cars: 25
INFO:root:Time: 271.987557, Edge: ((324, 535),(314.0, 590.0)), Cars: 26
INFO:root:Time: 272.813221, Edge: ((324, 535),(314.0, 590.0)), Cars: 27
INFO:root:Time: 273.072981, Edge: ((960, 968),(973, 872)), Cars: 2
INFO:root:Time: 273.072981, Edge: ((973, 872),(1112, 899)), Cars: 2
INFO:root:Time: 273.094370, Edge: ((338, 667),(314.0, 590.0)), Cars: 57
INFO:root:Time: 273.193541, Edge: ((324, 535),(314.0, 590.0)), Cars: 28
INFO:root:Time: 273.342694, Edge: ((355, 879),(455.0, 859.0)), Cars: 15
INFO:root:Time: 273.413813, Edge: ((1105, 740),(1214, 751)), Cars: 12
INFO:root:Time: 273.834248, Edge: ((1105, 740),(1214, 751)), Cars: 13
INFO:root:Time: 273.895242, Edge: ((324, 535),(314.0, 590.0)), Cars: 29
INFO:root:Time: 274.768903, Edge: ((324, 535),(314.0, 590.0)), Cars: 30
INFO:root:Time: 274.780043, Edge: ((324, 535),(314.0, 590.0)), Cars: 31
INFO:root:Time: 274.855558, Edge: ((355, 879),(455.0, 859.0)), Cars: 16
INFO:root:Time: 275.117680, Edge: ((617, 249),(708.0, 195.0)), Cars: 8
INFO:root:Time: 275.164059, Edge: ((874, 924),(960, 968)), Cars: 20
INFO:root:Time: 275.164059, Edge: ((960, 968),(973, 872)), Cars: 3
INFO:root:Time: 275.473135, Edge: ((355, 879),(455.0, 859.0)), Cars: 17
INFO:root:Time: 275.559659, Edge: ((617, 249),(708.0, 195.0)), Cars: 9
INFO:root:Time: 275.704932, Edge: ((1105, 740),(1214, 751)), Cars: 14
INFO:root:Time: 275.798436, Edge: ((860, 1035),(960, 968)), Cars: 11
INFO:root:Time: 275.906819, Edge: ((355, 879),(455.0, 859.0)), Cars: 18
INFO:root:Time: 275.909825, Edge: ((338, 667),(314.0, 590.0)), Cars: 58
INFO:root:Time: 276.098112, Edge: ((690, 1055),(624.0, 1015.0)), Cars: 4
INFO:root:Time: 276.232548, Edge: ((1105, 740),(1214, 751)), Cars: 15
INFO:root:Time: 277.028187, Edge: ((971, 445),(1049, 397)), Cars: 19
INFO:root:Time: 277.242048, Edge: ((355, 879),(455.0, 859.0)), Cars: 19
INFO:root:Time: 277.641686, Edge: ((1105, 740),(1214, 751)), Cars: 16
INFO:root:Time: 277.739791, Edge: ((860, 1035),(960, 968)), Cars: 12
INFO:root:Time: 278.012072, Edge: ((1078, 960),(1112, 899)), Cars: 1
INFO:root:Time: 278.384360, Edge: ((338, 667),(314.0, 590.0)), Cars: 59
INFO:root:Time: 278.436266, Edge: ((338, 667),(314.0, 590.0)), Cars: 60
INFO:root:Time: 278.544357, Edge: ((445.0, 939.0),(435, 981)), Cars: 0
INFO:root:Time: 278.544357, Edge: ((435, 981),(237, 952)), Cars: 2
INFO:root:Time: 278.584103, Edge: ((1105, 740),(1214, 751)), Cars: 17
INFO:root:Time: 279.171874, Edge: ((355, 879),(455.0, 859.0)), Cars: 20
INFO:root:Time: 279.568300, Edge: ((324, 535),(314.0, 590.0)), Cars: 32
INFO:root:Time: 279.979158, Edge: ((338, 667),(314.0, 590.0)), Cars: 61
INFO:root:Time: 280.042333, Edge: ((617, 249),(708.0, 195.0)), Cars: 10
INFO:root:Time: 280.443770, Edge: ((355, 879),(455.0, 859.0)), Cars: 21
INFO:root:Time: 280.532441, Edge: ((355, 879),(455.0, 859.0)), Cars: 22
INFO:root:Time: 280.613280, Edge: ((338, 667),(314.0, 590.0)), Cars: 62
INFO:root:Time: 280.864629, Edge: ((860, 1035),(960, 968)), Cars: 13
INFO:root:Time: 280.867349, Edge: ((617, 249),(708.0, 195.0)), Cars: 11
INFO:root:Time: 281.366933, Edge: ((355, 879),(455.0, 859.0)), Cars: 23
INFO:root:Time: 281.644877, Edge: ((690, 1055),(624.0, 1015.0)), Cars: 5
INFO:root:Time: 282.345789, Edge: ((324, 535),(314.0, 590.0)), Cars: 33
INFO:root:Time: 282.473252, Edge: ((1105, 740),(1214, 751)), Cars: 18
INFO:root:Time: 282.545332, Edge: ((971, 445),(1049, 397)), Cars: 20
INFO:root:Time: 282.794368, Edge: ((338, 667),(314.0, 590.0)), Cars: 63
INFO:root:Time: 283.222624, Edge: ((1105, 740),(1214, 751)), Cars: 19
INFO:root:Time: 283.264589, Edge: ((1105, 740),(1214, 751)), Cars: 20
INFO:root:Time: 283.551852, Edge: ((860, 1035),(960, 968)), Cars: 14
INFO:root:Time: 283.623491, Edge: ((1105, 740),(1214, 751)), Cars: 21
INFO:root:Time: 283.952182, Edge: ((324, 535),(314.0, 590.0)), Cars: 34
INFO:root:Time: 284.081816, Edge: ((355, 879),(455.0, 859.0)), Cars: 22
INFO:root:Time: 284.081816, Edge: ((455.0, 859.0),(445.0, 939.0)), Cars: 1
INFO:root:Time: 284.191631, Edge: ((617, 249),(708.0, 195.0)), Cars: 12
INFO:root:Time: 284.608217, Edge: ((1105, 740),(1214, 751)), Cars: 22
INFO:root:Time: 284.786234, Edge: ((776, 142),(650, 122)), Cars: 0
INFO:root:Time: 284.786234, Edge: ((650, 122),(554, 106)), Cars: 1
INFO:root:Time: 284.930796, Edge: ((1105, 740),(1214, 751)), Cars: 23
INFO:root:Time: 284.964951, Edge: ((776, 142),(650, 122)), Cars: 1
INFO:root:Time: 285.463308, Edge: ((324, 535),(314.0, 590.0)), Cars: 35
INFO:root:Time: 285.553116, Edge: ((324, 535),(314.0, 590.0)), Cars: 36
INFO:root:Time: 285.611644, Edge: ((1105, 740),(1214, 751)), Cars: 24
INFO:root:Time: 285.667625, Edge: ((617, 249),(708.0, 195.0)), Cars: 13
INFO:root:Time: 285.760061, Edge: ((860, 1035),(960, 968)), Cars: 15
INFO:root:Time: 285.901092, Edge: ((322, 399),(323, 441)), Cars: 1
INFO:root:Time: 285.926219, Edge: ((480, 1079),(435, 981)), Cars: 1
INFO:root:Time: 286.246743, Edge: ((765, 267),(818.0, 211.0)), Cars: 13
INFO:root:Time: 286.449884, Edge: ((617, 249),(708.0, 195.0)), Cars: 14
INFO:root:Time: 286.578350, Edge: ((355, 879),(455.0, 859.0)), Cars: 23
INFO:root:Time: 286.884331, Edge: ((1105, 740),(1214, 751)), Cars: 25
INFO:root:Time: 286.961584, Edge: ((690, 1055),(624.0, 1015.0)), Cars: 6
INFO:root:Time: 286.966255, Edge: ((355, 879),(455.0, 859.0)), Cars: 24
INFO:root:Time: 287.103192, Edge: ((860, 1035),(960, 968)), Cars: 16
INFO:root:Time: 287.375760, Edge: ((1105, 740),(1214, 751)), Cars: 26
INFO:root:Time: 287.699133, Edge: ((355, 879),(455.0, 859.0)), Cars: 25
INFO:root:Time: 287.916627, Edge: ((567, 562),(495.0, 624.0)), Cars: 152
INFO:root:Time: 287.916627, Edge: ((495.0, 624.0),(468.0, 617.0)), Cars: 1
INFO:root:Time: 288.112998, Edge: ((1105, 740),(1214, 751)), Cars: 27
INFO:root:Time: 288.268478, Edge: ((324, 535),(314.0, 590.0)), Cars: 37
INFO:root:Time: 288.276894, Edge: ((355, 879),(455.0, 859.0)), Cars: 26
INFO:root:Time: 288.317349, Edge: ((1049, 397),(1081, 228)), Cars: 0
INFO:root:Time: 288.317349, Edge: ((1081, 228),0), Cars: 2
INFO:root:Time: 288.435784, Edge: ((324, 535),(314.0, 590.0)), Cars: 38
INFO:root:Time: 288.503429, Edge: ((1105, 740),(1214, 751)), Cars: 28
INFO:root:Time: 288.547215, Edge: ((324, 535),(314.0, 590.0)), Cars: 39
INFO:root:Time: 289.095013, Edge: ((1105, 740),(1214, 751)), Cars: 29
INFO:root:Time: 289.225456, Edge: ((690, 1055),(624.0, 1015.0)), Cars: 7
INFO:root:Time: 289.895445, Edge: ((860, 1035),(960, 968)), Cars: 17
INFO:root:Time: 290.044494, Edge: ((624.0, 1015.0),(575, 1008)), Cars: 1
INFO:root:Time: 290.044494, Edge: ((575, 1008),(545, 1004)), Cars: 1
INFO:root:Time: 290.266260, Edge: ((1105, 740),(1214, 751)), Cars: 30
INFO:root:Time: 290.578655, Edge: ((355, 879),(455.0, 859.0)), Cars: 27
INFO:root:Time: 291.197683, Edge: ((650, 122),(554, 106)), Cars: 0
INFO:root:Time: 291.197683, Edge: ((554, 106),(591.0, 64.0)), Cars: 1
INFO:root:Time: 291.260117, Edge: ((338, 667),(314.0, 590.0)), Cars: 64
INFO:root:Time: 291.427921, Edge: ((973, 872),(1112, 899)), Cars: 1
INFO:root:Time: 291.427921, Edge: ((1112, 899),(1192, 908)), Cars: 1
INFO:root:Time: 291.910012, Edge: ((1078, 960),(1112, 899)), Cars: 2
INFO:root:Time: 292.097775, Edge: ((355, 879),(455.0, 859.0)), Cars: 28
INFO:root:Time: 292.164676, Edge: ((860, 1035),(960, 968)), Cars: 18
INFO:root:Time: 292.253855, Edge: ((860, 1035),(960, 968)), Cars: 19
INFO:root:Time: 292.723599, Edge: ((860, 1035),(960, 968)), Cars: 20
INFO:root:Time: 293.214560, Edge: ((512, 235),(617, 249)), Cars: 2
INFO:root:Time: 293.404967, Edge: ((1105, 740),(1214, 751)), Cars: 31
INFO:root:Time: 293.414110, Edge: ((355, 879),(455.0, 859.0)), Cars: 29
INFO:root:Time: 293.839475, Edge: ((1105, 740),(1214, 751)), Cars: 32
INFO:root:Time: 294.334763, Edge: ((690, 1055),(624.0, 1015.0)), Cars: 8
INFO:root:Time: 294.499004, Edge: ((1105, 740),(1214, 751)), Cars: 33
INFO:root:Time: 294.541197, Edge: ((480, 1079),(435, 981)), Cars: 2
INFO:root:Time: 294.857117, Edge: ((765, 267),(818.0, 211.0)), Cars: 14
INFO:root:Time: 294.918444, Edge: ((765, 267),(818.0, 211.0)), Cars: 15
INFO:root:Time: 294.953171, Edge: ((324, 535),(314.0, 590.0)), Cars: 40
INFO:root:Time: 295.419880, Edge: ((617, 249),(708.0, 195.0)), Cars: 15
INFO:root:Time: 295.567096, Edge: ((690, 1055),(624.0, 1015.0)), Cars: 9
INFO:root:Time: 295.672725, Edge: ((1105, 740),(1214, 751)), Cars: 34
INFO:root:Time: 295.925136, Edge: ((355, 879),(455.0, 859.0)), Cars: 30
INFO:root:Time: 296.298451, Edge: ((617, 249),(708.0, 195.0)), Cars: 16
INFO:root:Time: 296.734720, Edge: ((1105, 740),(1214, 751)), Cars: 35
INFO:root:Time: 296.859547, Edge: ((322, 399),(323, 441)), Cars: 2
INFO:root:Time: 296.985790, Edge: ((690, 1055),(624.0, 1015.0)), Cars: 8
INFO:root:Time: 296.985790, Edge: ((624.0, 1015.0),(575, 1008)), Cars: 2
INFO:root:Time: 297.478417, Edge: ((480, 1079),(435, 981)), Cars: 1
INFO:root:Time: 297.478417, Edge: ((435, 981),(237, 952)), Cars: 3
INFO:root:Time: 297.958357, Edge: ((1078, 960),(1112, 899)), Cars: 3
INFO:root:Time: 298.734263, Edge: ((322, 399),(323, 441)), Cars: 1
INFO:root:Time: 298.734263, Edge: ((323, 441),0), Cars: 3
INFO:root:Time: 298.743049, Edge: ((1105, 740),(1214, 751)), Cars: 36
INFO:root:Time: 298.926591, Edge: ((860, 1035),(960, 968)), Cars: 21
INFO:root:Time: 299.283777, Edge: ((213, 854),(172.0, 937.0)), Cars: 1
INFO:root:Time: 299.443045, Edge: ((322, 1040),(215, 1054)), Cars: 1
INFO:root:Time: 299.483104, Edge: ((742, 427),(794.0, 359.0)), Cars: 52
INFO:root:Time: 299.483104, Edge: ((794.0, 359.0),(833, 370)), Cars: 1
INFO:root:Time: 300.178575, Edge: ((1214, 751),(1192, 908)), Cars: 0
INFO:root:Time: 300.178575, Edge: ((1192, 908),0), Cars: 2
INFO:root:Time: 300.269198, Edge: ((355, 879),(455.0, 859.0)), Cars: 31
INFO:root:Time: 300.280780, Edge: ((617, 249),(708.0, 195.0)), Cars: 15
INFO:root:Time: 300.280780, Edge: ((708.0, 195.0),(818.0, 211.0)), Cars: 1
INFO:root:Time: 300.711033, Edge: ((1105, 740),(1214, 751)), Cars: 37
INFO:root:Time: 300.845373, Edge: ((690, 1055),(624.0, 1015.0)), Cars: 9
INFO:root:Time: 300.879176, Edge: ((1078, 960),(1112, 899)), Cars: 4
INFO:root:Time: 301.148945, Edge: ((480, 1079),(435, 981)), Cars: 2
INFO:root:Time: 301.321295, Edge: ((1105, 740),(1214, 751)), Cars: 38
INFO:root:Time: 301.363285, Edge: ((322, 399),(323, 441)), Cars: 2
INFO:root:Time: 301.406725, Edge: ((355, 879),(455.0, 859.0)), Cars: 32
INFO:root:Time: 301.821531, Edge: ((617, 249),(708.0, 195.0)), Cars: 16
INFO:root:Time: 302.073756, Edge: ((860, 1035),(960, 968)), Cars: 22
INFO:root:Time: 302.180347, Edge: ((765, 267),(818.0, 211.0)), Cars: 16
INFO:root:Time: 302.290796, Edge: ((1105, 740),(1214, 751)), Cars: 39
INFO:root:Time: 302.391787, Edge: ((1078, 960),(1112, 899)), Cars: 5
INFO:root:Time: 302.514651, Edge: ((1105, 740),(1214, 751)), Cars: 40
INFO:root:Time: 302.683850, Edge: ((1105, 740),(1214, 751)), Cars: 41
INFO:root:Time: 303.487448, Edge: ((617, 249),(708.0, 195.0)), Cars: 17
INFO:root:Time: 303.511661, Edge: ((860, 1035),(960, 968)), Cars: 23
INFO:root:Time: 303.528460, Edge: ((1105, 740),(1214, 751)), Cars: 42
INFO:root:Time: 303.839923, Edge: ((617, 249),(708.0, 195.0)), Cars: 16
INFO:root:Time: 303.839923, Edge: ((708.0, 195.0),(818.0, 211.0)), Cars: 2
INFO:root:Time: 304.059652, Edge: ((338, 667),(314.0, 590.0)), Cars: 65
INFO:root:Time: 305.059839, Edge: ((860, 1035),(960, 968)), Cars: 24
INFO:root:Time: 305.398858, Edge: ((512, 235),(617, 249)), Cars: 3
INFO:root:Time: 305.405963, Edge: ((1105, 740),(1214, 751)), Cars: 43
INFO:root:Time: 306.406519, Edge: ((324, 535),(314.0, 590.0)), Cars: 41
INFO:root:Time: 306.469289, Edge: ((322, 399),(323, 441)), Cars: 3
INFO:root:Time: 306.636806, Edge: ((765, 267),(818.0, 211.0)), Cars: 17
INFO:root:Time: 306.681659, Edge: ((322, 399),(323, 441)), Cars: 4
INFO:root:Time: 306.848841, Edge: ((776, 142),(650, 122)), Cars: 0
INFO:root:Time: 306.848841, Edge: ((650, 122),(554, 106)), Cars: 1
INFO:root:Time: 307.217203, Edge: ((1105, 740),(1214, 751)), Cars: 44
INFO:root:Time: 307.321721, Edge: ((1105, 740),(1214, 751)), Cars: 45
INFO:root:Time: 307.736410, Edge: ((455.0, 859.0),(445.0, 939.0)), Cars: 0
INFO:root:Time: 307.736410, Edge: ((445.0, 939.0),(435, 981)), Cars: 1
INFO:root:Time: 308.138550, Edge: ((617, 249),(708.0, 195.0)), Cars: 17
INFO:root:Time: 308.526025, Edge: ((1105, 740),(1214, 751)), Cars: 46
INFO:root:Time: 308.567029, Edge: ((1105, 740),(1214, 751)), Cars: 47
INFO:root:Time: 309.438195, Edge: ((860, 1035),(960, 968)), Cars: 25
INFO:root:Time: 309.438637, Edge: ((480, 1079),(435, 981)), Cars: 1
INFO:root:Time: 309.438637, Edge: ((435, 981),(237, 952)), Cars: 4
INFO:root:Time: 309.624727, Edge: ((322, 1040),(215, 1054)), Cars: 2
INFO:root:Time: 309.800333, Edge: ((1105, 740),(1214, 751)), Cars: 48
INFO:root:Time: 309.809791, Edge: ((355, 879),(455.0, 859.0)), Cars: 33
INFO:root:Time: 310.575907, Edge: ((355, 879),(455.0, 859.0)), Cars: 34
INFO:root:Time: 310.688672, Edge: ((480, 1079),(435, 981)), Cars: 2
INFO:root:Time: 311.024028, Edge: ((1105, 740),(1214, 751)), Cars: 49
INFO:root:Time: 311.121841, Edge: ((480, 1079),(435, 981)), Cars: 3
INFO:root:Time: 311.436559, Edge: ((1078, 960),(1112, 899)), Cars: 6
INFO:root:Time: 311.659776, Edge: ((765, 267),(818.0, 211.0)), Cars: 18
INFO:root:Time: 311.729719, Edge: ((1105, 740),(1214, 751)), Cars: 50
INFO:root:Time: 311.737765, Edge: ((1105, 740),(1214, 751)), Cars: 51
INFO:root:Time: 312.148582, Edge: ((860, 1035),(960, 968)), Cars: 26
INFO:root:Time: 313.364213, Edge: ((322, 1040),(215, 1054)), Cars: 3
INFO:root:Time: 313.944716, Edge: ((1105, 740),(1214, 751)), Cars: 52
INFO:root:Time: 314.355733, Edge: ((213, 854),(172.0, 937.0)), Cars: 0
INFO:root:Time: 314.355733, Edge: ((172.0, 937.0),0), Cars: 1
INFO:root:Time: 314.363879, Edge: ((617, 249),(708.0, 195.0)), Cars: 18
INFO:root:Time: 314.571058, Edge: ((512, 235),(617, 249)), Cars: 4
INFO:root:Time: 315.043018, Edge: ((833, 370),(856, 215)), Cars: 5
INFO:root:Time: 315.043018, Edge: ((856, 215),0), Cars: 2
INFO:root:Time: 316.331082, Edge: ((650, 122),(554, 106)), Cars: 2
INFO:root:Time: 317.155426, Edge: ((860, 1035),(960, 968)), Cars: 27
INFO:root:Time: 317.394579, Edge: ((1078, 960),(1112, 899)), Cars: 7
INFO:root:Time: 317.570234, Edge: ((971, 445),(1049, 397)), Cars: 19
INFO:root:Time: 317.570234, Edge: ((1049, 397),(1081, 228)), Cars: 1
INFO:root:Time: 317.732733, Edge: ((480, 1079),(435, 981)), Cars: 4
INFO:root:Time: 318.285109, Edge: ((690, 1055),(624.0, 1015.0)), Cars: 10
INFO:root:Time: 318.640625, Edge: ((650, 122),(554, 106)), Cars: 3
INFO:root:Time: 319.968190, Edge: ((322, 1040),(215, 1054)), Cars: 2
INFO:root:Time: 319.968190, Edge: ((215, 1054),0), Cars: 1
INFO:root:Time: 320.053714, Edge: ((355, 879),(455.0, 859.0)), Cars: 35
INFO:root:Time: 320.112438, Edge: ((1105, 740),(1214, 751)), Cars: 53
INFO:root:Time: 320.149794, Edge: ((512, 235),(617, 249)), Cars: 5
INFO:root:Time: 320.423402, Edge: ((1105, 740),(1214, 751)), Cars: 54
INFO:root:Time: 320.987773, Edge: ((480, 1079),(435, 981)), Cars: 5
INFO:root:Time: 321.004523, Edge: ((1105, 740),(1214, 751)), Cars: 55
INFO:root:Time: 321.408524, Edge: ((1105, 740),(1214, 751)), Cars: 56
INFO:root:Time: 321.456541, Edge: ((860, 1035),(960, 968)), Cars: 28
INFO:root:Time: 321.588373, Edge: ((1105, 740),(1214, 751)), Cars: 57
INFO:root:Time: 321.898378, Edge: ((1078, 960),(1112, 899)), Cars: 8
INFO:root:Time: 321.918097, Edge: ((322, 399),(323, 441)), Cars: 5
INFO:root:Time: 321.950259, Edge: ((1105, 740),(1214, 751)), Cars: 58
INFO:root:Time: 322.434922, Edge: ((512, 235),(617, 249)), Cars: 6
INFO:root:Time: 322.660507, Edge: ((1105, 740),(1214, 751)), Cars: 57
INFO:root:Time: 322.660507, Edge: ((1214, 751),(1192, 908)), Cars: 1
INFO:root:Time: 323.353059, Edge: ((545, 1004),(435, 981)), Cars: 0
INFO:root:Time: 323.353059, Edge: ((435, 981),(237, 952)), Cars: 5
INFO:root:Time: 323.397134, Edge: ((1105, 740),(1214, 751)), Cars: 58
INFO:root:Time: 323.441670, Edge: ((1105, 740),(1214, 751)), Cars: 57
INFO:root:Time: 323.441670, Edge: ((1214, 751),(1192, 908)), Cars: 2
INFO:root:Time: 324.698577, Edge: ((480, 1079),(435, 981)), Cars: 6
INFO:root:Time: 325.078068, Edge: ((690, 1055),(624.0, 1015.0)), Cars: 11
INFO:root:Time: 325.394337, Edge: ((445.0, 939.0),(435, 981)), Cars: 0
INFO:root:Time: 325.394337, Edge: ((435, 981),(237, 952)), Cars: 6
INFO:root:Time: 325.395007, Edge: ((1078, 960),(1112, 899)), Cars: 9
INFO:root:Time: 325.779244, Edge: ((1078, 960),(1112, 899)), Cars: 10
INFO:root:Time: 325.811365, Edge: ((322, 399),(323, 441)), Cars: 6
INFO:root:Time: 326.150408, Edge: ((617, 249),(708.0, 195.0)), Cars: 17
INFO:root:Time: 326.150408, Edge: ((708.0, 195.0),(818.0, 211.0)), Cars: 3
INFO:root:Time: 326.213982, Edge: ((1105, 740),(1214, 751)), Cars: 58
INFO:root:Time: 326.276322, Edge: ((890, 399),(833, 370)), Cars: 16
INFO:root:Time: 326.276322, Edge: ((833, 370),(856, 215)), Cars: 6
INFO:root:Time: 326.314469, Edge: ((480, 1079),(435, 981)), Cars: 7
INFO:root:Time: 327.097520, Edge: ((322, 399),(323, 441)), Cars: 5
INFO:root:Time: 327.097520, Edge: ((323, 441),0), Cars: 4
INFO:root:Time: 327.351397, Edge: ((480, 1079),(435, 981)), Cars: 8
INFO:root:Time: 327.386663, Edge: ((1105, 740),(1214, 751)), Cars: 59
INFO:root:Time: 327.405960, Edge: ((324, 535),(314.0, 590.0)), Cars: 42
INFO:root:Time: 327.434412, Edge: ((617, 249),(708.0, 195.0)), Cars: 18
INFO:root:Time: 328.077745, Edge: ((690, 1055),(624.0, 1015.0)), Cars: 12
INFO:root:Time: 328.166697, Edge: ((480, 1079),(435, 981)), Cars: 9
INFO:root:Time: 328.724793, Edge: ((480, 1079),(435, 981)), Cars: 10
INFO:root:Time: 329.302749, Edge: ((1105, 740),(1214, 751)), Cars: 60
INFO:root:Time: 329.878138, Edge: ((776, 142),(650, 122)), Cars: 1
INFO:root:Time: 330.081888, Edge: ((355, 879),(455.0, 859.0)), Cars: 36
INFO:root:Time: 330.408245, Edge: ((322, 1040),(215, 1054)), Cars: 3
INFO:root:Time: 330.912291, Edge: ((213, 854),(172.0, 937.0)), Cars: 1
INFO:root:Time: 331.283600, Edge: ((1078, 960),(1112, 899)), Cars: 11
INFO:root:Time: 331.885205, Edge: ((1078, 960),(1112, 899)), Cars: 10
INFO:root:Time: 331.885205, Edge: ((1112, 899),(1192, 908)), Cars: 2
INFO:root:Time: 332.095787, Edge: ((512, 235),(617, 249)), Cars: 7
INFO:root:Time: 332.219563, Edge: ((322, 399),(323, 441)), Cars: 6
INFO:root:Time: 333.254814, Edge: ((617, 249),(708.0, 195.0)), Cars: 17
INFO:root:Time: 333.254814, Edge: ((708.0, 195.0),(818.0, 211.0)), Cars: 4
INFO:root:Time: 333.321093, Edge: ((833, 370),(856, 215)), Cars: 5
INFO:root:Time: 333.321093, Edge: ((856, 215),0), Cars: 3
INFO:root:Time: 334.251968, Edge: ((1105, 740),(1214, 751)), Cars: 61
INFO:root:Time: 334.493931, Edge: ((213, 854),(172.0, 937.0)), Cars: 2
INFO:root:Time: 334.522971, Edge: ((776, 142),(650, 122)), Cars: 2
INFO:root:Time: 334.527570, Edge: ((1078, 960),(1112, 899)), Cars: 11
INFO:root:Time: 335.302629, Edge: ((1078, 960),(1112, 899)), Cars: 12
INFO:root:Time: 337.015465, Edge: ((960, 968),(973, 872)), Cars: 2
INFO:root:Time: 337.015465, Edge: ((973, 872),(1112, 899)), Cars: 2
INFO:root:Time: 337.386361, Edge: ((860, 1035),(960, 968)), Cars: 29
INFO:root:Time: 337.645525, Edge: ((1105, 740),(1214, 751)), Cars: 62
INFO:root:Time: 337.687283, Edge: ((1078, 960),(1112, 899)), Cars: 11
INFO:root:Time: 337.687283, Edge: ((1112, 899),(1192, 908)), Cars: 3
INFO:root:Time: 337.820358, Edge: ((593, 402),(528, 477)), Cars: 51
INFO:root:Time: 337.820358, Edge: ((528, 477),(422, 459)), Cars: 1
INFO:root:Time: 339.130139, Edge: ((971, 445),(1049, 397)), Cars: 18
INFO:root:Time: 339.130139, Edge: ((1049, 397),(1081, 228)), Cars: 2
INFO:root:Time: 339.645183, Edge: ((1105, 740),(1214, 751)), Cars: 61
INFO:root:Time: 339.645183, Edge: ((1214, 751),(1192, 908)), Cars: 3
INFO:root:Time: 340.441761, Edge: ((1105, 740),(1214, 751)), Cars: 62
INFO:root:Time: 342.066927, Edge: ((322, 1040),(215, 1054)), Cars: 2
INFO:root:Time: 342.066927, Edge: ((215, 1054),0), Cars: 2
INFO:root:Time: 342.205565, Edge: ((575, 1008),(545, 1004)), Cars: 0
INFO:root:Time: 342.205565, Edge: ((545, 1004),(435, 981)), Cars: 1
INFO:root:Time: 342.346757, Edge: ((528, 477),(422, 459)), Cars: 0
INFO:root:Time: 342.346757, Edge: ((422, 459),(323, 441)), Cars: 1
INFO:root:Time: 342.654575, Edge: ((650, 122),(554, 106)), Cars: 4
INFO:root:Time: 342.954669, Edge: ((1078, 960),(1112, 899)), Cars: 12
INFO:root:Time: 344.064364, Edge: ((512, 235),(617, 249)), Cars: 8
INFO:root:Time: 344.147019, Edge: ((1214, 751),(1192, 908)), Cars: 2
INFO:root:Time: 344.147019, Edge: ((1192, 908),0), Cars: 3
INFO:root:Time: 345.072318, Edge: ((890, 399),(833, 370)), Cars: 15
INFO:root:Time: 345.072318, Edge: ((833, 370),(856, 215)), Cars: 6
INFO:root:Time: 346.280366, Edge: ((322, 1040),(215, 1054)), Cars: 1
INFO:root:Time: 346.280366, Edge: ((215, 1054),0), Cars: 3
INFO:root:Time: 346.544796, Edge: ((971, 445),(1049, 397)), Cars: 17
INFO:root:Time: 346.544796, Edge: ((1049, 397),(1081, 228)), Cars: 3
INFO:root:Time: 346.683115, Edge: ((512, 235),(617, 249)), Cars: 9
INFO:root:Time: 346.769484, Edge: ((322, 1040),(215, 1054)), Cars: 2
INFO:root:Time: 346.845451, Edge: ((480, 1079),(435, 981)), Cars: 9
INFO:root:Time: 346.845451, Edge: ((435, 981),(237, 952)), Cars: 7
INFO:root:Time: 349.303018, Edge: ((971, 445),(1049, 397)), Cars: 16
INFO:root:Time: 349.303018, Edge: ((1049, 397),(1081, 228)), Cars: 4
INFO:root:Time: 349.730522, Edge: ((650, 122),(554, 106)), Cars: 3
INFO:root:Time: 349.730522, Edge: ((554, 106),(591.0, 64.0)), Cars: 2
INFO:root:Time: 349.770299, Edge: ((213, 854),(172.0, 937.0)), Cars: 3
INFO:root:Time: 350.161128, Edge: ((960, 968),(973, 872)), Cars: 1
INFO:root:Time: 350.161128, Edge: ((973, 872),(1112, 899)), Cars: 3
INFO:root:Time: 350.775025, Edge: ((480, 1079),(435, 981)), Cars: 10
INFO:root:Time: 351.057122, Edge: ((213, 854),(172.0, 937.0)), Cars: 4
INFO:root:Time: 351.877256, Edge: ((860, 1035),(960, 968)), Cars: 30
INFO:root:Time: 353.121882, Edge: ((322, 399),(323, 441)), Cars: 7
INFO:root:Time: 353.571828, Edge: ((776, 142),(650, 122)), Cars: 3
INFO:root:Time: 354.229769, Edge: ((173, 993),(172.0, 937.0)), Cars: 1
INFO:root:Time: 354.469461, Edge: ((650, 122),(554, 106)), Cars: 4
INFO:root:Time: 354.602578, Edge: ((650, 122),(554, 106)), Cars: 5
INFO:root:Time: 354.981174, Edge: ((480, 1079),(435, 981)), Cars: 11
INFO:root:Time: 355.760338, Edge: ((1105, 740),(1214, 751)), Cars: 63
INFO:root:Time: 355.901978, Edge: ((322, 1040),(215, 1054)), Cars: 3
INFO:root:Time: 356.359050, Edge: ((480, 1079),(435, 981)), Cars: 12
INFO:root:Time: 357.221651, Edge: ((776, 142),(650, 122)), Cars: 4
INFO:root:Time: 358.542721, Edge: ((173, 993),(172.0, 937.0)), Cars: 0
INFO:root:Time: 358.542721, Edge: ((172.0, 937.0),0), Cars: 2
INFO:root:Time: 359.113040, Edge: ((545, 1004),(435, 981)), Cars: 0
INFO:root:Time: 359.113040, Edge: ((435, 981),(237, 952)), Cars: 8
INFO:root:Time: 361.040223, Edge: ((1078, 960),(1112, 899)), Cars: 13
INFO:root:Time: 361.054285, Edge: ((322, 1040),(215, 1054)), Cars: 4
INFO:root:Time: 361.347426, Edge: ((480, 1079),(435, 981)), Cars: 13
INFO:root:Time: 361.485855, Edge: ((322, 1040),(215, 1054)), Cars: 5
INFO:root:Time: 363.285279, Edge: ((818.0, 211.0),(856, 215)), Cars: 0
INFO:root:Time: 363.285279, Edge: ((856, 215),0), Cars: 4
INFO:root:Time: 363.957530, Edge: ((858, 1167),(899.0, 1125.0)), Cars: 1
INFO:root:Time: 364.375687, Edge: ((213, 854),(172.0, 937.0)), Cars: 5
INFO:root:Time: 364.918219, Edge: ((322, 1040),(215, 1054)), Cars: 6
INFO:root:Time: 365.166470, Edge: ((650, 122),(554, 106)), Cars: 6
INFO:root:Time: 366.733580, Edge: ((495.0, 624.0),(468.0, 617.0)), Cars: 0
INFO:root:Time: 366.733580, Edge: ((468.0, 617.0),(391.0, 604.0)), Cars: 1
INFO:root:Time: 366.834749, Edge: ((213, 854),(172.0, 937.0)), Cars: 6
INFO:root:Time: 367.735988, Edge: ((468.0, 617.0),(391.0, 604.0)), Cars: 0
INFO:root:Time: 367.735988, Edge: ((391.0, 604.0),(314.0, 590.0)), Cars: 2
INFO:root:Time: 367.855901, Edge: ((765, 267),(818.0, 211.0)), Cars: 17
INFO:root:Time: 367.855901, Edge: ((818.0, 211.0),(856, 215)), Cars: 1
INFO:root:Time: 368.183595, Edge: ((480, 1079),(435, 981)), Cars: 14
INFO:root:Time: 368.249483, Edge: ((624.0, 1015.0),(575, 1008)), Cars: 1
INFO:root:Time: 368.249483, Edge: ((575, 1008),(545, 1004)), Cars: 1
INFO:root:Time: 368.710220, Edge: ((322, 1040),(215, 1054)), Cars: 7
INFO:root:Time: 368.980904, Edge: ((435, 981),(237, 952)), Cars: 7
INFO:root:Time: 368.980904, Edge: ((237, 952),0), Cars: 1
INFO:root:Time: 369.632889, Edge: ((554, 106),(591.0, 64.0)), Cars: 3
INFO:root:Time: 370.634295, Edge: ((567, 562),(495.0, 624.0)), Cars: 151
INFO:root:Time: 370.634295, Edge: ((495.0, 624.0),(468.0, 617.0)), Cars: 1
INFO:root:Time: 372.701869, Edge: ((480, 1079),(435, 981)), Cars: 15
INFO:root:Time: 373.459126, Edge: ((833, 370),(856, 215)), Cars: 5
INFO:root:Time: 373.459126, Edge: ((856, 215),0), Cars: 5
INFO:root:Time: 373.852131, Edge: ((1078, 960),(1112, 899)), Cars: 14
INFO:root:Time: 374.163807, Edge: ((650, 122),(554, 106)), Cars: 7
INFO:root:Time: 375.878408, Edge: ((322, 1040),(215, 1054)), Cars: 8
INFO:root:Time: 376.847570, Edge: ((858, 1167),(899.0, 1125.0)), Cars: 2
INFO:root:Time: 377.275119, Edge: ((554, 106),(591.0, 64.0)), Cars: 4
INFO:root:Time: 377.490642, Edge: ((213, 854),(172.0, 937.0)), Cars: 7
INFO:root:Time: 377.642931, Edge: ((449, 1262),(516, 1384)), Cars: 1
INFO:root:Time: 377.908325, Edge: ((776, 142),(650, 122)), Cars: 5
INFO:root:Time: 378.722584, Edge: ((1078, 960),(1112, 899)), Cars: 15
INFO:root:Time: 380.103648, Edge: ((449, 1262),(516, 1384)), Cars: 0
INFO:root:Time: 380.103648, Edge: ((516, 1384),(495, 1467)), Cars: 1
INFO:root:Time: 380.131359, Edge: ((480, 1079),(435, 981)), Cars: 14
INFO:root:Time: 380.131359, Edge: ((435, 981),(237, 952)), Cars: 8
INFO:root:Time: 380.265565, Edge: ((449, 1262),(516, 1384)), Cars: 1
INFO:root:Time: 381.761302, Edge: ((650, 122),(554, 106)), Cars: 8
INFO:root:Time: 382.430195, Edge: ((776, 142),(650, 122)), Cars: 6
INFO:root:Time: 382.577238, Edge: ((322, 1040),(215, 1054)), Cars: 9
INFO:root:Time: 382.580723, Edge: ((1078, 960),(1112, 899)), Cars: 16
INFO:root:Time: 383.884855, Edge: ((322, 1040),(215, 1054)), Cars: 10
INFO:root:Time: 384.033271, Edge: ((776, 142),(650, 122)), Cars: 7
INFO:root:Time: 384.471377, Edge: ((593, 402),(528, 477)), Cars: 50
INFO:root:Time: 384.471377, Edge: ((528, 477),(422, 459)), Cars: 1
INFO:root:Time: 384.655357, Edge: ((650, 122),(554, 106)), Cars: 9
INFO:root:Time: 385.343260, Edge: ((435, 981),(237, 952)), Cars: 7
INFO:root:Time: 385.343260, Edge: ((237, 952),0), Cars: 2
INFO:root:Time: 386.400455, Edge: ((322, 1040),(215, 1054)), Cars: 11
INFO:root:Time: 386.609835, Edge: ((449, 1262),(516, 1384)), Cars: 2
INFO:root:Time: 386.961125, Edge: ((322, 1040),(215, 1054)), Cars: 12
INFO:root:Time: 387.818352, Edge: ((575, 1008),(545, 1004)), Cars: 0
INFO:root:Time: 387.818352, Edge: ((545, 1004),(435, 981)), Cars: 1
INFO:root:Time: 388.393856, Edge: ((545, 1004),(435, 981)), Cars: 0
INFO:root:Time: 388.393856, Edge: ((435, 981),(237, 952)), Cars: 8
INFO:root:Time: 388.903309, Edge: ((480, 1079),(435, 981)), Cars: 15
INFO:root:Time: 389.653045, Edge: ((960, 968),(973, 872)), Cars: 0
INFO:root:Time: 389.653045, Edge: ((973, 872),(1112, 899)), Cars: 4
INFO:root:Time: 390.733143, Edge: ((213, 854),(172.0, 937.0)), Cars: 8
INFO:root:Time: 391.347770, Edge: ((554, 106),(591.0, 64.0)), Cars: 3
INFO:root:Time: 391.347770, Edge: ((591.0, 64.0),0), Cars: 1
INFO:root:Time: 391.859130, Edge: ((322, 1040),(215, 1054)), Cars: 13
INFO:root:Time: 392.959874, Edge: ((322, 1040),(215, 1054)), Cars: 14
INFO:root:Time: 393.283314, Edge: ((355, 879),(455.0, 859.0)), Cars: 35
INFO:root:Time: 393.283314, Edge: ((455.0, 859.0),(445.0, 939.0)), Cars: 1
INFO:root:Time: 393.330586, Edge: ((449, 1262),(516, 1384)), Cars: 1
INFO:root:Time: 393.330586, Edge: ((516, 1384),(495, 1467)), Cars: 2
INFO:root:Time: 394.120546, Edge: ((858, 1167),(899.0, 1125.0)), Cars: 3
INFO:root:Time: 396.071623, Edge: ((516, 1384),(495, 1467)), Cars: 1
INFO:root:Time: 396.071623, Edge: ((495, 1467),(477, 1486)), Cars: 1
INFO:root:Time: 398.319503, Edge: ((858, 1167),(899.0, 1125.0)), Cars: 2
INFO:root:Time: 398.319503, Edge: ((899.0, 1125.0),(928, 1130)), Cars: 1
INFO:root:Time: 401.213066, Edge: ((794.0, 359.0),(833, 370)), Cars: 0
INFO:root:Time: 401.213066, Edge: ((833, 370),(856, 215)), Cars: 6
INFO:root:Time: 401.510196, Edge: ((322, 1040),(215, 1054)), Cars: 15
INFO:root:Time: 401.885781, Edge: ((1112, 899),(1192, 908)), Cars: 2
INFO:root:Time: 401.885781, Edge: ((1192, 908),0), Cars: 4
INFO:root:Time: 402.000848, Edge: ((973, 872),(1112, 899)), Cars: 3
INFO:root:Time: 402.000848, Edge: ((1112, 899),(1192, 908)), Cars: 3
INFO:root:Time: 403.277972, Edge: ((593, 402),(528, 477)), Cars: 49
INFO:root:Time: 403.277972, Edge: ((528, 477),(422, 459)), Cars: 2
INFO:root:Time: 403.485029, Edge: ((593, 402),(528, 477)), Cars: 48
INFO:root:Time: 403.485029, Edge: ((528, 477),(422, 459)), Cars: 3
INFO:root:Time: 403.557202, Edge: ((650, 122),(554, 106)), Cars: 10
INFO:root:Time: 403.675989, Edge: ((971, 445),(1049, 397)), Cars: 15
INFO:root:Time: 403.675989, Edge: ((1049, 397),(1081, 228)), Cars: 5
INFO:root:Time: 403.876222, Edge: ((528, 477),(422, 459)), Cars: 2
INFO:root:Time: 403.876222, Edge: ((422, 459),(323, 441)), Cars: 2
INFO:root:Time: 404.032819, Edge: ((1112, 899),(1192, 908)), Cars: 2
INFO:root:Time: 404.032819, Edge: ((1192, 908),0), Cars: 5
INFO:root:Time: 404.464452, Edge: ((554, 106),(591.0, 64.0)), Cars: 4
INFO:root:Time: 405.067743, Edge: ((973, 872),(1112, 899)), Cars: 2
INFO:root:Time: 405.067743, Edge: ((1112, 899),(1192, 908)), Cars: 3
INFO:root:Time: 405.364168, Edge: ((322, 1040),(215, 1054)), Cars: 14
INFO:root:Time: 405.364168, Edge: ((215, 1054),0), Cars: 4
INFO:root:Time: 405.638683, Edge: ((213, 854),(172.0, 937.0)), Cars: 9
INFO:root:Time: 410.631431, Edge: ((455.0, 859.0),(445.0, 939.0)), Cars: 0
INFO:root:Time: 410.631431, Edge: ((445.0, 939.0),(435, 981)), Cars: 1
INFO:root:Time: 410.757086, Edge: ((1105, 740),(1214, 751)), Cars: 62
INFO:root:Time: 410.757086, Edge: ((1214, 751),(1192, 908)), Cars: 3
INFO:root:Time: 414.261627, Edge: ((355, 879),(455.0, 859.0)), Cars: 34
INFO:root:Time: 414.261627, Edge: ((455.0, 859.0),(445.0, 939.0)), Cars: 1
INFO:root:Time: 415.808261, Edge: ((1160, 1185),(1197, 1059)), Cars: 1
INFO:root:Time: 415.836693, Edge: ((650, 122),(554, 106)), Cars: 11
INFO:root:Time: 415.977546, Edge: ((899.0, 1125.0),(928, 1130)), Cars: 0
INFO:root:Time: 415.977546, Edge: ((928, 1130),(957, 992)), Cars: 1
INFO:root:Time: 416.726375, Edge: ((742, 427),(794.0, 359.0)), Cars: 51
INFO:root:Time: 416.726375, Edge: ((794.0, 359.0),(833, 370)), Cars: 1
INFO:root:Time: 417.158320, Edge: ((874, 924),(960, 968)), Cars: 19
INFO:root:Time: 417.158320, Edge: ((960, 968),(973, 872)), Cars: 1
INFO:root:Time: 417.918086, Edge: ((322, 1040),(215, 1054)), Cars: 15
INFO:root:Time: 419.846794, Edge: ((624.0, 1015.0),(575, 1008)), Cars: 0
INFO:root:Time: 419.846794, Edge: ((575, 1008),(545, 1004)), Cars: 1
INFO:root:Time: 419.867499, Edge: ((705, 942),(624.0, 1015.0)), Cars: 63
INFO:root:Time: 419.867499, Edge: ((624.0, 1015.0),(575, 1008)), Cars: 1
INFO:root:Time: 421.056878, Edge: ((1078, 960),(1112, 899)), Cars: 17
INFO:root:Time: 422.453291, Edge: ((173, 993),(172.0, 937.0)), Cars: 1
INFO:root:Time: 423.438247, Edge: ((860, 1035),(960, 968)), Cars: 29
INFO:root:Time: 423.438247, Edge: ((960, 968),(973, 872)), Cars: 2
INFO:root:Time: 426.326650, Edge: ((776, 142),(650, 122)), Cars: 8
INFO:root:Time: 427.930999, Edge: ((874, 924),(960, 968)), Cars: 18
INFO:root:Time: 427.930999, Edge: ((960, 968),(973, 872)), Cars: 3
INFO:root:Time: 428.666043, Edge: ((1160, 1185),(1197, 1059)), Cars: 0
INFO:root:Time: 428.666043, Edge: ((1197, 1059),(1177, 1002)), Cars: 1
INFO:root:Time: 430.929798, Edge: ((1214, 751),(1192, 908)), Cars: 2
INFO:root:Time: 430.929798, Edge: ((1192, 908),0), Cars: 6
INFO:root:Time: 431.180143, Edge: ((435, 981),(237, 952)), Cars: 7
INFO:root:Time: 431.180143, Edge: ((237, 952),0), Cars: 3
INFO:root:Time: 431.748102, Edge: ((435, 981),(237, 952)), Cars: 6
INFO:root:Time: 431.748102, Edge: ((237, 952),0), Cars: 4
INFO:root:Time: 431.918848, Edge: ((593, 402),(528, 477)), Cars: 47
INFO:root:Time: 431.918848, Edge: ((528, 477),(422, 459)), Cars: 3
INFO:root:Time: 433.331091, Edge: ((449, 1262),(516, 1384)), Cars: 2
INFO:root:Time: 434.788617, Edge: ((1275, 1013),(1381, 1038)), Cars: 1
INFO:root:Time: 435.390785, Edge: ((449, 1262),(516, 1384)), Cars: 3
INFO:root:Time: 437.206162, Edge: ((355, 879),(455.0, 859.0)), Cars: 33
INFO:root:Time: 437.206162, Edge: ((455.0, 859.0),(445.0, 939.0)), Cars: 2
INFO:root:Time: 437.645134, Edge: ((858, 1167),(899.0, 1125.0)), Cars: 3
INFO:root:Time: 439.722972, Edge: ((1112, 899),(1192, 908)), Cars: 2
INFO:root:Time: 439.722972, Edge: ((1192, 908),0), Cars: 7
INFO:root:Time: 439.909975, Edge: ((705, 942),(624.0, 1015.0)), Cars: 62
INFO:root:Time: 439.909975, Edge: ((624.0, 1015.0),(575, 1008)), Cars: 2
INFO:root:Time: 441.268501, Edge: ((858, 1167),(899.0, 1125.0)), Cars: 2
INFO:root:Time: 441.268501, Edge: ((899.0, 1125.0),(928, 1130)), Cars: 1
INFO:root:Time: 441.720762, Edge: ((355, 879),(455.0, 859.0)), Cars: 32
INFO:root:Time: 441.720762, Edge: ((455.0, 859.0),(445.0, 939.0)), Cars: 3
INFO:root:Time: 442.654736, Edge: ((1112, 899),(1192, 908)), Cars: 1
INFO:root:Time: 442.654736, Edge: ((1192, 908),0), Cars: 8
INFO:root:Time: 444.304860, Edge: ((899.0, 1125.0),(928, 1130)), Cars: 0
INFO:root:Time: 444.304860, Edge: ((928, 1130),(957, 992)), Cars: 2
INFO:root:Time: 444.370513, Edge: ((495, 1467),(477, 1486)), Cars: 0
INFO:root:Time: 444.370513, Edge: ((477, 1486),0), Cars: 1
INFO:root:Time: 444.653377, Edge: ((554, 106),(591.0, 64.0)), Cars: 5
INFO:root:Time: 445.413589, Edge: ((417, 1448),(516, 1384)), Cars: 1
INFO:root:Time: 446.310092, Edge: ((435, 981),(237, 952)), Cars: 5
INFO:root:Time: 446.310092, Edge: ((237, 952),0), Cars: 5
INFO:root:Time: 447.020727, Edge: ((449, 1262),(516, 1384)), Cars: 4
INFO:root:Time: 447.193421, Edge: ((1275, 1013),(1381, 1038)), Cars: 2
INFO:root:Time: 447.626687, Edge: ((173, 993),(172.0, 937.0)), Cars: 2
INFO:root:Time: 448.107792, Edge: ((417, 1448),(516, 1384)), Cars: 0
INFO:root:Time: 448.107792, Edge: ((516, 1384),(495, 1467)), Cars: 2
INFO:root:Time: 448.432468, Edge: ((495.0, 624.0),(468.0, 617.0)), Cars: 0
INFO:root:Time: 448.432468, Edge: ((468.0, 617.0),(391.0, 604.0)), Cars: 1
INFO:root:Time: 448.975430, Edge: ((322, 1040),(215, 1054)), Cars: 16
INFO:root:Time: 449.465708, Edge: ((516, 1384),(495, 1467)), Cars: 1
INFO:root:Time: 449.465708, Edge: ((495, 1467),(477, 1486)), Cars: 1
INFO:root:Time: 450.405015, Edge: ((593, 402),(528, 477)), Cars: 46
INFO:root:Time: 450.405015, Edge: ((528, 477),(422, 459)), Cars: 4
INFO:root:Time: 450.476908, Edge: ((1160, 1185),(1197, 1059)), Cars: 1
INFO:root:Time: 450.899128, Edge: ((971, 445),(1049, 397)), Cars: 14
INFO:root:Time: 450.899128, Edge: ((1049, 397),(1081, 228)), Cars: 6
INFO:root:Time: 451.161354, Edge: ((1105, 740),(1214, 751)), Cars: 61
INFO:root:Time: 451.161354, Edge: ((1214, 751),(1192, 908)), Cars: 3
INFO:root:Time: 452.151021, Edge: ((449, 1262),(516, 1384)), Cars: 5
INFO:root:Time: 453.921864, Edge: ((173, 993),(172.0, 937.0)), Cars: 3
INFO:root:Time: 455.148876, Edge: ((449, 1262),(516, 1384)), Cars: 6
INFO:root:Time: 456.835779, Edge: ((529, 703),(495.0, 624.0)), Cars: 83
INFO:root:Time: 456.835779, Edge: ((495.0, 624.0),(468.0, 617.0)), Cars: 1
